#
# A fatal error has been detected by the Java Runtime Environment:
#
#  EXCEPTION_ACCESS_VIOLATION (0xc0000005) at pc=0x00007ffbd7735eb8, pid=5868, tid=5936
#
# JRE version: OpenJDK Runtime Environment (11.0.8+10) (build 11.0.8+10-b944.6842174)
# Java VM: OpenJDK 64-Bit Server VM (11.0.8+10-b944.6842174, mixed mode, tiered, compressed oops, g1 gc, windows-amd64)
# Problematic frame:
# V  [jvm.dll+0x4e5eb8]
#
# No core dump will be written. Minidumps are not enabled by default on client versions of Windows
#
# If you would like to submit a bug report, please visit:
#   https://bugreport.java.com/bugreport/crash.jsp
#

---------------  S U M M A R Y ------------

Command Line: --add-opens=java.base/java.util=ALL-UNNAMED --add-opens=java.base/java.lang=ALL-UNNAMED --add-opens=java.base/java.lang.invoke=ALL-UNNAMED --add-opens=java.prefs/java.util.prefs=ALL-UNNAMED -Xmx2048m -Dfile.encoding=UTF-8 -Duser.country=ID -Duser.language=en -Duser.variant org.gradle.launcher.daemon.bootstrap.GradleDaemon 6.7.1

Host: Intel(R) Core(TM) i3-6006U CPU @ 2.00GHz, 4 cores, 7G,  Windows 10 , 64 bit Build 19041 (10.0.19041.1023)
Time: Sun Jun 20 20:24:04 2021 SE Asia Standard Time elapsed time: 485 seconds (0d 0h 8m 5s)

---------------  T H R E A D  ---------------

Current thread (0x0000021315e27000):  JavaThread "C2 CompilerThread0" daemon [_thread_in_native, id=5936, stack(0x000000de31300000,0x000000de31400000)]


Current CompileTask:
C2: 485527 14826   !   4       java.io.ObjectStreamClass::lookup (334 bytes)

Stack: [0x000000de31300000,0x000000de31400000],  sp=0x000000de313fba30,  free space=1006k
Native frames: (J=compiled Java code, j=interpreted, Vv=VM code, C=native code)
V  [jvm.dll+0x4e5eb8]
V  [jvm.dll+0x4e6596]
V  [jvm.dll+0x193b3c]
V  [jvm.dll+0x1f780e]
V  [jvm.dll+0x1f68d4]
V  [jvm.dll+0x17f32c]
V  [jvm.dll+0x205047]
V  [jvm.dll+0x203891]
V  [jvm.dll+0x6dad3f]
V  [jvm.dll+0x6d3895]
V  [jvm.dll+0x5dd4a6]
C  [ucrtbase.dll+0x21bb2]
C  [KERNEL32.DLL+0x17034]
C  [ntdll.dll+0x52651]


siginfo: EXCEPTION_ACCESS_VIOLATION (0xc0000005), reading address 0x00003ffbd7c35998


Register to memory mapping:

RIP=0x00007ffbd7735eb8 jvm.dll
RAX=0x00003ffbd7c35998 is an unknown value
RBX=0x0000000000000002 is an unknown value
RCX=0x0 is NULL
RDX=0x0 is NULL
RSP=0x000000de313fba30 is pointing into the stack for thread: 0x0000021315e27000
RBP=0x000002131e26aa30 points into unknown readable memory: 00 00 00 00 00 00 00 00
RSI=0x0000021320aa94c0 points into unknown readable memory: 01 00 00 00 13 02 00 00
RDI=0x0 is NULL
R8 =0x000002131835aa60 points into unknown readable memory: 04 00 00 00 00 00 00 00
R9 =0x0000000000000004 is an unknown value
R10=0x00007ffbd7250000 jvm.dll
R11=0x00000000000001bb is an unknown value
R12=0x00007ffbd7c35998 jvm.dll
R13=0x000002131eeac500 points into unknown readable memory: 00 00 00 00 13 02 00 00
R14=0x00007ffbd7250000 jvm.dll
R15=0x0000000000000001 is an unknown value


Registers:
RAX=0x00003ffbd7c35998, RBX=0x0000000000000002, RCX=0x0000000000000000, RDX=0x0000000000000000
RSP=0x000000de313fba30, RBP=0x000002131e26aa30, RSI=0x0000021320aa94c0, RDI=0x0000000000000000
R8 =0x000002131835aa60, R9 =0x0000000000000004, R10=0x00007ffbd7250000, R11=0x00000000000001bb
R12=0x00007ffbd7c35998, R13=0x000002131eeac500, R14=0x00007ffbd7250000, R15=0x0000000000000001
RIP=0x00007ffbd7735eb8, EFLAGS=0x0000000000010246

Top of Stack: (sp=0x000000de313fba30)
0x000000de313fba30:   0000000000000002 000002131e26aa30
0x000000de313fba40:   0000021320aa94c0 00007ffbd75a5b56
0x000000de313fba50:   000002131eeac500 0000000000000000
0x000000de313fba60:   000000030004e003 00007ffb00000001
0x000000de313fba70:   000002131835ab40 00007ffb00000001
0x000000de313fba80:   000002131e26a9a0 0000000000000007
0x000000de313fba90:   000002131e26a990 0000000000007fd8
0x000000de313fbaa0:   0000000000000000 000002131e26a990
0x000000de313fbab0:   0000021320b8f008 000002131ffd8430
0x000000de313fbac0:   0000000000000001 0000000000000008
0x000000de313fbad0:   000000de313fbcd0 00007ffbd7736596
0x000000de313fbae0:   000000de313fbcd0 0000021320b8f008
0x000000de313fbaf0:   0000000000000001 000000de313fbb30
0x000000de313fbb00:   0000021315e1b238 0000021315dcfe10
0x000000de313fbb10:   0000021316e19290 0000021316e192e0
0x000000de313fbb20:   000000000013a590 0000021316e21278 

Instructions: (pc=0x00007ffbd7735eb8)
0x00007ffbd7735db8:   05 49 8b ec eb 08 e8 6d 0b 00 00 48 8b e8 48 8b
0x00007ffbd7735dc8:   d3 48 8d 4c 24 30 e8 dd f3 e6 ff 4c 8b 6c 24 20
0x00007ffbd7735dd8:   4c 8d 35 21 a2 b1 ff 4c 8d 25 b2 fb 4f 00 48 89
0x00007ffbd7735de8:   7c 24 70 41 bf 01 00 00 00 8b 54 24 30 85 d2 74
0x00007ffbd7735df8:   42 44 8b 4c 24 34 f6 c2 1f 75 0c c1 ea 05 41 83
0x00007ffbd7735e08:   c1 05 f6 c2 1f 74 f4 44 8b c2 41 83 e0 1f 43 0f
0x00007ffbd7735e18:   b6 8c 30 50 bf 81 00 43 0f b6 9c 30 30 bf 81 00
0x00007ffbd7735e28:   d3 ea 89 54 24 30 41 03 d9 42 8d 04 09 89 44 24
0x00007ffbd7735e38:   34 eb 0c 48 8d 4c 24 30 e8 bb f3 e6 ff 8b d8 85
0x00007ffbd7735e48:   db 0f 84 82 00 00 00 48 8b 4e 08 8b d3 48 c1 ea
0x00007ffbd7735e58:   08 8b fb 4c 8b 04 d1 4d 3b c4 75 0d 8b d3 48 8b
0x00007ffbd7735e68:   ce e8 92 f5 e6 ff 4c 8b c0 8b cb 45 8b cf 83 e1
0x00007ffbd7735e78:   1f 41 d3 e1 48 8b cf 48 c1 e9 05 83 e1 07 41 8b
0x00007ffbd7735e88:   14 88 8b c2 41 0b c1 41 89 04 88 41 23 d1 75 02
0x00007ffbd7735e98:   ff 06 85 d2 0f 85 4f ff ff ff 49 8b 45 08 48 8b
0x00007ffbd7735ea8:   cf 48 c1 e9 08 48 c1 ef 05 83 e7 07 48 8b 04 c8
0x00007ffbd7735eb8:   44 85 0c b8 0f 85 2f ff ff ff 8b d3 48 8b cd e8
0x00007ffbd7735ec8:   04 0e cb ff e9 20 ff ff ff 83 7d 00 00 48 8b b4
0x00007ffbd7735ed8:   24 c0 00 00 00 4c 8b b4 24 b0 00 00 00 4c 8b ac
0x00007ffbd7735ee8:   24 b8 00 00 00 4c 8b 64 24 28 74 63 41 8b 4d 4c
0x00007ffbd7735ef8:   49 8b 46 28 ff c9 48 89 2c c8 4d 85 e4 75 5f 41
0x00007ffbd7735f08:   8b 4d 4c 8b c1 4c 8b 84 24 c8 00 00 00 c1 e8 05
0x00007ffbd7735f18:   41 3b 40 10 73 48 8b d0 83 e1 1f 49 8b 40 18 41
0x00007ffbd7735f28:   d3 e7 8b 04 90 41 23 c7 74 34 49 8b 5e 38 8b 7b
0x00007ffbd7735f38:   18 8d 47 01 89 43 18 3b 3b 72 0a 8b d7 48 8b cb
0x00007ffbd7735f48:   e8 d3 61 c2 ff 48 8b 43 10 4c 89 2c f8 eb 0f 49
0x00007ffbd7735f58:   8b 46 30 48 89 85 98 00 00 00 49 89 6e 30 48 8b
0x00007ffbd7735f68:   7c 24 70 48 83 c4 78 41 5f 41 5e 41 5d 41 5c 5d
0x00007ffbd7735f78:   5b c3 cc cc cc cc cc cc 40 53 55 56 57 41 54 41
0x00007ffbd7735f88:   55 41 56 41 57 48 83 ec 78 89 51 50 48 8b d9 48
0x00007ffbd7735f98:   8b 51 58 b9 20 00 00 00 e8 cb 9e bc ff 8b 2d 61
0x00007ffbd7735fa8:   b4 53 00 48 8b f8 41 be 08 00 00 00 48 85 c0 74 


Stack slot to memory mapping:
stack at sp + 0 slots: 0x0000000000000002 is an unknown value
stack at sp + 1 slots: 0x000002131e26aa30 points into unknown readable memory: 00 00 00 00 00 00 00 00
stack at sp + 2 slots: 0x0000021320aa94c0 points into unknown readable memory: 01 00 00 00 13 02 00 00
stack at sp + 3 slots: 0x00007ffbd75a5b56 jvm.dll
stack at sp + 4 slots: 0x000002131eeac500 points into unknown readable memory: 00 00 00 00 13 02 00 00
stack at sp + 5 slots: 0x0 is NULL
stack at sp + 6 slots: 0x000000030004e003 is an unknown value
stack at sp + 7 slots: 0x00007ffb00000001 is an unknown value


---------------  P R O C E S S  ---------------

Threads class SMR info:
_java_thread_list=0x000002131eadd540, length=162, elements={
0x000002137bc39000, 0x0000021315e0b000, 0x0000021315e15800, 0x0000021315e14800,
0x00000213167a2800, 0x0000021315e27000, 0x0000021315e37000, 0x0000021315e5e000,
0x00000213168d3800, 0x000002131691e000, 0x0000021318935800, 0x0000021318529800,
0x0000021317e9a000, 0x00000213180f5800, 0x00000213180f6000, 0x00000213180f7000,
0x000002131a7f1800, 0x000002131a7f3000, 0x000002131cbae000, 0x000002131cba1000,
0x000002131cba2800, 0x000002131cba2000, 0x000002131cba3800, 0x000002131cba4800,
0x000002131cba5000, 0x000002131cba6000, 0x000002131cba0800, 0x000002131cbab000,
0x000002131cba8800, 0x000002131cba9800, 0x000002131cbab800, 0x000002131cbac800,
0x000002131cbaa000, 0x000002131cba7000, 0x000002131cbad800, 0x000002131cba7800,
0x000002131cbaf000, 0x000002131a7f4000, 0x000002131a7ef800, 0x000002131a7f2000,
0x000002131a7ef000, 0x000002131a7fb000, 0x000002131a7f9800, 0x000002131a7f5800,
0x000002131a7f6000, 0x000002131a7f8800, 0x000002131a7fa800, 0x000002131a7fc000,
0x000002131a7fd000, 0x000002131a7f7000, 0x000002131a7fd800, 0x000002131a7f8000,
0x00000213180f3000, 0x00000213180f4800, 0x00000213180f1000, 0x00000213180f7800,
0x00000213180f2000, 0x00000213180f3800, 0x0000021318a1e000, 0x0000021318a20800,
0x0000021318a1d800, 0x0000021318a1b000, 0x0000021318a1c800, 0x0000021318a1c000,
0x0000021318a21800, 0x0000021318a22800, 0x0000021318a23000, 0x0000021318a24800,
0x0000021318a24000, 0x0000021318a1f000, 0x0000021318a25800, 0x0000021318a20000,
0x0000021318a29000, 0x0000021318a29800, 0x0000021318a26800, 0x0000021318a27000,
0x0000021318a28000, 0x000002131fcb8000, 0x000002131fcbe000, 0x000002131fcbb800,
0x000002131fcbd000, 0x000002131fcbc000, 0x000002131fcbe800, 0x000002131fcb9000,
0x000002131fcbf800, 0x000002131fcb9800, 0x000002131fcc0800, 0x000002131fcba800,
0x000002131fcc3800, 0x000002131fcc6000, 0x000002131fcc5000, 0x000002131fcc2800,
0x000002131fcc4800, 0x000002131fcc7000, 0x000002131fcc1000, 0x000002131fcc2000,
0x000002131ed02800, 0x000002131ed05000, 0x000002131ecff000, 0x000002131ed01000,
0x000002131ed05800, 0x000002131ed00000, 0x000002131ed06800, 0x000002131ed03800,
0x000002131ed07800, 0x000002131ed04000, 0x000002131ed01800, 0x000002131ed0a800,
0x000002131ed08000, 0x000002131ed0e000, 0x000002131ed0b800, 0x000002131ed09000,
0x000002131ed0c800, 0x000002131ed0d000, 0x000002131ed0a000, 0x000002131c889000,
0x000002131c88b800, 0x000002131c88d000, 0x000002131c88e800, 0x000002131c88f800,
0x000002131c88a000, 0x000002131c88c800, 0x000002131c890800, 0x000002131c88e000,
0x000002131c88a800, 0x000002131c892000, 0x000002131c891000, 0x000002131c894800,
0x000002131c893000, 0x000002131c893800, 0x000002131c895800, 0x000002131c897000,
0x000002131c897800, 0x000002131c896000, 0x000002131fe33000, 0x000002131fe37000,
0x000002131fe34000, 0x000002131fe34800, 0x000002131fe35800, 0x000002131fe31800,
0x000002131fe36800, 0x000002131fe38000, 0x000002131fe32000, 0x000002131fe38800,
0x000002131fe3d000, 0x000002131fe3f800, 0x000002131fe3b000, 0x000002131fe39800,
0x000002131fe3c000, 0x000002131fe3a800, 0x000002131fe3d800, 0x000002131fe40000,
0x000002131fe3e800, 0x000002131eac0000, 0x000002131eabd000, 0x000002131eabe800,
0x000002131eabc000, 0x000002131eabf800, 0x000002131eabb000, 0x000002131eac1800,
0x000002131eac2800, 0x000002131eac3800
}

Java Threads: ( => current thread )
  0x000002137bc39000 JavaThread "main" [_thread_blocked, id=6404, stack(0x000000de30800000,0x000000de30900000)]
  0x0000021315e0b000 JavaThread "Reference Handler" daemon [_thread_blocked, id=3960, stack(0x000000de30f00000,0x000000de31000000)]
  0x0000021315e15800 JavaThread "Finalizer" daemon [_thread_blocked, id=8784, stack(0x000000de31000000,0x000000de31100000)]
  0x0000021315e14800 JavaThread "Signal Dispatcher" daemon [_thread_blocked, id=5176, stack(0x000000de31100000,0x000000de31200000)]
  0x00000213167a2800 JavaThread "Attach Listener" daemon [_thread_blocked, id=7000, stack(0x000000de31200000,0x000000de31300000)]
=>0x0000021315e27000 JavaThread "C2 CompilerThread0" daemon [_thread_in_native, id=5936, stack(0x000000de31300000,0x000000de31400000)]
  0x0000021315e37000 JavaThread "C1 CompilerThread0" daemon [_thread_blocked, id=6044, stack(0x000000de31400000,0x000000de31500000)]
  0x0000021315e5e000 JavaThread "Sweeper thread" daemon [_thread_blocked, id=1676, stack(0x000000de31500000,0x000000de31600000)]
  0x00000213168d3800 JavaThread "Common-Cleaner" daemon [_thread_blocked, id=3060, stack(0x000000de31600000,0x000000de31700000)]
  0x000002131691e000 JavaThread "Service Thread" daemon [_thread_blocked, id=764, stack(0x000000de31700000,0x000000de31800000)]
  0x0000021318935800 JavaThread "Daemon health stats" [_thread_blocked, id=6884, stack(0x000000de31b00000,0x000000de31c00000)]
  0x0000021318529800 JavaThread "Incoming local TCP Connector on port 49875" [_thread_in_native, id=7820, stack(0x000000de31e00000,0x000000de31f00000)]
  0x0000021317e9a000 JavaThread "Daemon periodic checks" [_thread_blocked, id=3484, stack(0x000000de31f00000,0x000000de32000000)]
  0x00000213180f5800 JavaThread "Cache worker for file hash cache (C:\Users\juana\.gradle\caches\6.7.1\fileHashes)" [_thread_blocked, id=1824, stack(0x000000de32800000,0x000000de32900000)]
  0x00000213180f6000 JavaThread "File lock request listener" [_thread_in_native, id=6456, stack(0x000000de32900000,0x000000de32a00000)]
  0x00000213180f7000 JavaThread "Cache worker for journal cache (C:\Users\juana\.gradle\caches\journal-1)" [_thread_blocked, id=7260, stack(0x000000de32a00000,0x000000de32b00000)]
  0x000002131a7f1800 JavaThread "Cache worker for execution history cache (C:\Users\juana\.gradle\caches\6.7.1\executionHistory)" [_thread_blocked, id=9120, stack(0x000000de34500000,0x000000de34600000)]
  0x000002131a7f3000 JavaThread "Cache worker for file content cache (C:\Users\juana\.gradle\caches\6.7.1\fileContent)" [_thread_blocked, id=6464, stack(0x000000de34600000,0x000000de34700000)]
  0x000002131cbae000 JavaThread "Memory manager" [_thread_blocked, id=9744, stack(0x000000de3aa00000,0x000000de3ab00000)]
  0x000002131cba1000 JavaThread "Daemon Thread 2" [_thread_blocked, id=11184, stack(0x000000de30600000,0x000000de30700000)]
  0x000002131cba2800 JavaThread "Handler for socket connection from /127.0.0.1:49875 to /127.0.0.1:1038" [_thread_in_native, id=4600, stack(0x000000de30700000,0x000000de30800000)]
  0x000002131cba2000 JavaThread "Cancel handler" [_thread_blocked, id=4480, stack(0x000000de31c00000,0x000000de31d00000)]
  0x000002131cba3800 JavaThread "Daemon worker Thread 2" [_thread_blocked, id=8644, stack(0x000000de31d00000,0x000000de31e00000)]
  0x000002131cba4800 JavaThread "Asynchronous log dispatcher for DefaultDaemonConnection: socket connection from /127.0.0.1:49875 to /127.0.0.1:1038" [_thread_blocked, id=11744, stack(0x000000de32000000,0x000000de32100000)]
  0x000002131cba5000 JavaThread "Stdin handler" [_thread_blocked, id=3012, stack(0x000000de32100000,0x000000de32200000)]
  0x000002131cba6000 JavaThread "Thread-149" [_thread_blocked, id=5672, stack(0x000000de32200000,0x000000de32300000)]
  0x000002131cba0800 JavaThread "Cache worker for file hash cache (C:\Users\juana\AndroidStudioProjects\JuanDaOnlineShop2\.gradle\6.7.1\fileHashes)" [_thread_blocked, id=248, stack(0x000000de32300000,0x000000de32400000)]
  0x000002131cbab000 JavaThread "Cache worker for checksums cache (C:\Users\juana\AndroidStudioProjects\JuanDaOnlineShop2\.gradle\checksums)" [_thread_blocked, id=12168, stack(0x000000de32400000,0x000000de32500000)]
  0x000002131cba8800 JavaThread "Cache worker for cache directory md-supplier (C:\Users\juana\.gradle\caches\6.7.1\md-supplier)" [_thread_blocked, id=12012, stack(0x000000de32500000,0x000000de32600000)]
  0x000002131cba9800 JavaThread "Cache worker for cache directory md-rule (C:\Users\juana\.gradle\caches\6.7.1\md-rule)" [_thread_blocked, id=4796, stack(0x000000de32600000,0x000000de32700000)]
  0x000002131cbab800 JavaThread "Cache worker for Build Output Cleanup Cache (C:\Users\juana\AndroidStudioProjects\JuanDaOnlineShop2\.gradle\buildOutputCleanup)" [_thread_blocked, id=11260, stack(0x000000de32c00000,0x000000de32d00000)]
  0x000002131cbac800 JavaThread "Build operations" [_thread_blocked, id=11180, stack(0x000000de32d00000,0x000000de32e00000)]
  0x000002131cbaa000 JavaThread "Build operations Thread 2" [_thread_blocked, id=10564, stack(0x000000de32e00000,0x000000de32f00000)]
  0x000002131cba7000 JavaThread "Build operations Thread 3" [_thread_blocked, id=6704, stack(0x000000de32f00000,0x000000de33000000)]
  0x000002131cbad800 JavaThread "Build operations Thread 4" [_thread_blocked, id=12208, stack(0x000000de33000000,0x000000de33100000)]
  0x000002131cba7800 JavaThread "jar transforms Thread 117" [_thread_blocked, id=10156, stack(0x000000de33100000,0x000000de33200000)]
  0x000002131cbaf000 JavaThread "jar transforms Thread 118" [_thread_blocked, id=11068, stack(0x000000de33200000,0x000000de33300000)]
  0x000002131a7f4000 JavaThread "jar transforms Thread 119" [_thread_blocked, id=4084, stack(0x000000de33300000,0x000000de33400000)]
  0x000002131a7ef800 JavaThread "jar transforms Thread 120" [_thread_blocked, id=1732, stack(0x000000de33400000,0x000000de33500000)]
  0x000002131a7f2000 JavaThread "jar transforms Thread 121" [_thread_blocked, id=10948, stack(0x000000de33500000,0x000000de33600000)]
  0x000002131a7ef000 JavaThread "jar transforms Thread 122" [_thread_blocked, id=6380, stack(0x000000de33600000,0x000000de33700000)]
  0x000002131a7fb000 JavaThread "jar transforms Thread 123" [_thread_blocked, id=3784, stack(0x000000de33700000,0x000000de33800000)]
  0x000002131a7f9800 JavaThread "jar transforms Thread 124" [_thread_blocked, id=10952, stack(0x000000de33800000,0x000000de33900000)]
  0x000002131a7f5800 JavaThread "jar transforms Thread 125" [_thread_blocked, id=11072, stack(0x000000de33900000,0x000000de33a00000)]
  0x000002131a7f6000 JavaThread "jar transforms Thread 126" [_thread_blocked, id=2264, stack(0x000000de33a00000,0x000000de33b00000)]
  0x000002131a7f8800 JavaThread "jar transforms Thread 127" [_thread_blocked, id=2132, stack(0x000000de33b00000,0x000000de33c00000)]
  0x000002131a7fa800 JavaThread "jar transforms Thread 128" [_thread_blocked, id=9712, stack(0x000000de33c00000,0x000000de33d00000)]
  0x000002131a7fc000 JavaThread "jar transforms Thread 129" [_thread_blocked, id=4816, stack(0x000000de33d00000,0x000000de33e00000)]
  0x000002131a7fd000 JavaThread "jar transforms Thread 130" [_thread_blocked, id=10324, stack(0x000000de33e00000,0x000000de33f00000)]
  0x000002131a7f7000 JavaThread "jar transforms Thread 131" [_thread_blocked, id=12040, stack(0x000000de33f00000,0x000000de34000000)]
  0x000002131a7fd800 JavaThread "jar transforms Thread 132" [_thread_blocked, id=11800, stack(0x000000de34000000,0x000000de34100000)]
  0x000002131a7f8000 JavaThread "jar transforms Thread 133" [_thread_blocked, id=12032, stack(0x000000de34100000,0x000000de34200000)]
  0x00000213180f3000 JavaThread "jar transforms Thread 134" [_thread_blocked, id=11788, stack(0x000000de34200000,0x000000de34300000)]
  0x00000213180f4800 JavaThread "jar transforms Thread 135" [_thread_blocked, id=2564, stack(0x000000de34300000,0x000000de34400000)]
  0x00000213180f1000 JavaThread "jar transforms Thread 136" [_thread_blocked, id=3856, stack(0x000000de34400000,0x000000de34500000)]
  0x00000213180f7800 JavaThread "jar transforms Thread 137" [_thread_blocked, id=2948, stack(0x000000de34700000,0x000000de34800000)]
  0x00000213180f2000 JavaThread "jar transforms Thread 138" [_thread_blocked, id=9408, stack(0x000000de34800000,0x000000de34900000)]
  0x00000213180f3800 JavaThread "jar transforms Thread 139" [_thread_blocked, id=11796, stack(0x000000de34900000,0x000000de34a00000)]
  0x0000021318a1e000 JavaThread "jar transforms Thread 140" [_thread_blocked, id=2988, stack(0x000000de34a00000,0x000000de34b00000)]
  0x0000021318a20800 JavaThread "jar transforms Thread 141" [_thread_blocked, id=11776, stack(0x000000de34b00000,0x000000de34c00000)]
  0x0000021318a1d800 JavaThread "jar transforms Thread 142" [_thread_blocked, id=10524, stack(0x000000de34c00000,0x000000de34d00000)]
  0x0000021318a1b000 JavaThread "jar transforms Thread 143" [_thread_blocked, id=3888, stack(0x000000de34d00000,0x000000de34e00000)]
  0x0000021318a1c800 JavaThread "jar transforms Thread 144" [_thread_blocked, id=12000, stack(0x000000de34e00000,0x000000de34f00000)]
  0x0000021318a1c000 JavaThread "jar transforms Thread 145" [_thread_blocked, id=11808, stack(0x000000de34f00000,0x000000de35000000)]
  0x0000021318a21800 JavaThread "jar transforms Thread 146" [_thread_blocked, id=5420, stack(0x000000de35000000,0x000000de35100000)]
  0x0000021318a22800 JavaThread "jar transforms Thread 147" [_thread_blocked, id=11696, stack(0x000000de35100000,0x000000de35200000)]
  0x0000021318a23000 JavaThread "jar transforms Thread 148" [_thread_blocked, id=11668, stack(0x000000de35200000,0x000000de35300000)]
  0x0000021318a24800 JavaThread "jar transforms Thread 149" [_thread_blocked, id=11172, stack(0x000000de35300000,0x000000de35400000)]
  0x0000021318a24000 JavaThread "jar transforms Thread 150" [_thread_blocked, id=12156, stack(0x000000de35400000,0x000000de35500000)]
  0x0000021318a1f000 JavaThread "jar transforms Thread 151" [_thread_blocked, id=8296, stack(0x000000de35500000,0x000000de35600000)]
  0x0000021318a25800 JavaThread "jar transforms Thread 152" [_thread_blocked, id=8388, stack(0x000000de35600000,0x000000de35700000)]
  0x0000021318a20000 JavaThread "jar transforms Thread 153" [_thread_blocked, id=12068, stack(0x000000de35700000,0x000000de35800000)]
  0x0000021318a29000 JavaThread "jar transforms Thread 154" [_thread_blocked, id=1220, stack(0x000000de35800000,0x000000de35900000)]
  0x0000021318a29800 JavaThread "jar transforms Thread 155" [_thread_blocked, id=32, stack(0x000000de35900000,0x000000de35a00000)]
  0x0000021318a26800 JavaThread "jar transforms Thread 156" [_thread_blocked, id=4884, stack(0x000000de35a00000,0x000000de35b00000)]
  0x0000021318a27000 JavaThread "jar transforms Thread 157" [_thread_blocked, id=10632, stack(0x000000de35b00000,0x000000de35c00000)]
  0x0000021318a28000 JavaThread "jar transforms Thread 158" [_thread_blocked, id=12048, stack(0x000000de35c00000,0x000000de35d00000)]
  0x000002131fcb8000 JavaThread "jar transforms Thread 159" [_thread_blocked, id=10704, stack(0x000000de35d00000,0x000000de35e00000)]
  0x000002131fcbe000 JavaThread "jar transforms Thread 160" [_thread_blocked, id=10508, stack(0x000000de35e00000,0x000000de35f00000)]
  0x000002131fcbb800 JavaThread "jar transforms Thread 161" [_thread_blocked, id=11716, stack(0x000000de35f00000,0x000000de36000000)]
  0x000002131fcbd000 JavaThread "jar transforms Thread 162" [_thread_blocked, id=11236, stack(0x000000de36000000,0x000000de36100000)]
  0x000002131fcbc000 JavaThread "jar transforms Thread 163" [_thread_blocked, id=10048, stack(0x000000de36100000,0x000000de36200000)]
  0x000002131fcbe800 JavaThread "jar transforms Thread 164" [_thread_blocked, id=7404, stack(0x000000de36200000,0x000000de36300000)]
  0x000002131fcb9000 JavaThread "jar transforms Thread 165" [_thread_blocked, id=1588, stack(0x000000de36300000,0x000000de36400000)]
  0x000002131fcbf800 JavaThread "jar transforms Thread 166" [_thread_blocked, id=9828, stack(0x000000de36400000,0x000000de36500000)]
  0x000002131fcb9800 JavaThread "jar transforms Thread 167" [_thread_blocked, id=11816, stack(0x000000de36500000,0x000000de36600000)]
  0x000002131fcc0800 JavaThread "jar transforms Thread 168" [_thread_blocked, id=11128, stack(0x000000de36600000,0x000000de36700000)]
  0x000002131fcba800 JavaThread "jar transforms Thread 169" [_thread_blocked, id=9564, stack(0x000000de36700000,0x000000de36800000)]
  0x000002131fcc3800 JavaThread "jar transforms Thread 170" [_thread_blocked, id=2192, stack(0x000000de36800000,0x000000de36900000)]
  0x000002131fcc6000 JavaThread "jar transforms Thread 171" [_thread_blocked, id=12144, stack(0x000000de36900000,0x000000de36a00000)]
  0x000002131fcc5000 JavaThread "jar transforms Thread 172" [_thread_blocked, id=11676, stack(0x000000de36a00000,0x000000de36b00000)]
  0x000002131fcc2800 JavaThread "jar transforms Thread 173" [_thread_blocked, id=10168, stack(0x000000de36b00000,0x000000de36c00000)]
  0x000002131fcc4800 JavaThread "jar transforms Thread 174" [_thread_blocked, id=2688, stack(0x000000de36c00000,0x000000de36d00000)]
  0x000002131fcc7000 JavaThread "jar transforms Thread 175" [_thread_blocked, id=10616, stack(0x000000de36d00000,0x000000de36e00000)]
  0x000002131fcc1000 JavaThread "jar transforms Thread 176" [_thread_blocked, id=3672, stack(0x000000de36e00000,0x000000de36f00000)]
  0x000002131fcc2000 JavaThread "jar transforms Thread 177" [_thread_blocked, id=9448, stack(0x000000de36f00000,0x000000de37000000)]
  0x000002131ed02800 JavaThread "jar transforms Thread 178" [_thread_blocked, id=10060, stack(0x000000de37000000,0x000000de37100000)]
  0x000002131ed05000 JavaThread "jar transforms Thread 179" [_thread_blocked, id=12052, stack(0x000000de37100000,0x000000de37200000)]
  0x000002131ecff000 JavaThread "jar transforms Thread 180" [_thread_blocked, id=11900, stack(0x000000de37200000,0x000000de37300000)]
  0x000002131ed01000 JavaThread "jar transforms Thread 181" [_thread_blocked, id=10972, stack(0x000000de37300000,0x000000de37400000)]
  0x000002131ed05800 JavaThread "jar transforms Thread 182" [_thread_blocked, id=11756, stack(0x000000de37400000,0x000000de37500000)]
  0x000002131ed00000 JavaThread "jar transforms Thread 183" [_thread_blocked, id=8520, stack(0x000000de37500000,0x000000de37600000)]
  0x000002131ed06800 JavaThread "jar transforms Thread 184" [_thread_blocked, id=9308, stack(0x000000de37600000,0x000000de37700000)]
  0x000002131ed03800 JavaThread "jar transforms Thread 185" [_thread_blocked, id=10280, stack(0x000000de37700000,0x000000de37800000)]
  0x000002131ed07800 JavaThread "jar transforms Thread 186" [_thread_blocked, id=10684, stack(0x000000de37800000,0x000000de37900000)]
  0x000002131ed04000 JavaThread "jar transforms Thread 187" [_thread_blocked, id=10960, stack(0x000000de37900000,0x000000de37a00000)]
  0x000002131ed01800 JavaThread "jar transforms Thread 188" [_thread_blocked, id=7184, stack(0x000000de37a00000,0x000000de37b00000)]
  0x000002131ed0a800 JavaThread "jar transforms Thread 189" [_thread_blocked, id=6932, stack(0x000000de37b00000,0x000000de37c00000)]
  0x000002131ed08000 JavaThread "jar transforms Thread 190" [_thread_blocked, id=3136, stack(0x000000de37c00000,0x000000de37d00000)]
  0x000002131ed0e000 JavaThread "jar transforms Thread 191" [_thread_blocked, id=4848, stack(0x000000de37d00000,0x000000de37e00000)]
  0x000002131ed0b800 JavaThread "jar transforms Thread 192" [_thread_blocked, id=11892, stack(0x000000de37e00000,0x000000de37f00000)]
  0x000002131ed09000 JavaThread "jar transforms Thread 193" [_thread_blocked, id=10840, stack(0x000000de37f00000,0x000000de38000000)]
  0x000002131ed0c800 JavaThread "jar transforms Thread 194" [_thread_blocked, id=3284, stack(0x000000de38000000,0x000000de38100000)]
  0x000002131ed0d000 JavaThread "jar transforms Thread 195" [_thread_blocked, id=10016, stack(0x000000de38100000,0x000000de38200000)]
  0x000002131ed0a000 JavaThread "jar transforms Thread 196" [_thread_blocked, id=11836, stack(0x000000de38200000,0x000000de38300000)]
  0x000002131c889000 JavaThread "jar transforms Thread 197" [_thread_blocked, id=4840, stack(0x000000de38300000,0x000000de38400000)]
  0x000002131c88b800 JavaThread "jar transforms Thread 198" [_thread_blocked, id=12148, stack(0x000000de38400000,0x000000de38500000)]
  0x000002131c88d000 JavaThread "jar transforms Thread 199" [_thread_blocked, id=1104, stack(0x000000de38500000,0x000000de38600000)]
  0x000002131c88e800 JavaThread "jar transforms Thread 200" [_thread_blocked, id=6924, stack(0x000000de38600000,0x000000de38700000)]
  0x000002131c88f800 JavaThread "jar transforms Thread 201" [_thread_blocked, id=8676, stack(0x000000de38700000,0x000000de38800000)]
  0x000002131c88a000 JavaThread "jar transforms Thread 202" [_thread_blocked, id=4564, stack(0x000000de38800000,0x000000de38900000)]
  0x000002131c88c800 JavaThread "jar transforms Thread 203" [_thread_blocked, id=10504, stack(0x000000de38900000,0x000000de38a00000)]
  0x000002131c890800 JavaThread "jar transforms Thread 204" [_thread_blocked, id=8556, stack(0x000000de38a00000,0x000000de38b00000)]
  0x000002131c88e000 JavaThread "jar transforms Thread 205" [_thread_blocked, id=3040, stack(0x000000de38b00000,0x000000de38c00000)]
  0x000002131c88a800 JavaThread "jar transforms Thread 206" [_thread_blocked, id=6808, stack(0x000000de38c00000,0x000000de38d00000)]
  0x000002131c892000 JavaThread "jar transforms Thread 207" [_thread_blocked, id=9592, stack(0x000000de38d00000,0x000000de38e00000)]
  0x000002131c891000 JavaThread "jar transforms Thread 208" [_thread_blocked, id=7884, stack(0x000000de38e00000,0x000000de38f00000)]
  0x000002131c894800 JavaThread "jar transforms Thread 209" [_thread_blocked, id=9868, stack(0x000000de38f00000,0x000000de39000000)]
  0x000002131c893000 JavaThread "jar transforms Thread 210" [_thread_blocked, id=6300, stack(0x000000de39000000,0x000000de39100000)]
  0x000002131c893800 JavaThread "jar transforms Thread 211" [_thread_blocked, id=7556, stack(0x000000de39100000,0x000000de39200000)]
  0x000002131c895800 JavaThread "jar transforms Thread 212" [_thread_blocked, id=8888, stack(0x000000de39200000,0x000000de39300000)]
  0x000002131c897000 JavaThread "jar transforms Thread 213" [_thread_blocked, id=9252, stack(0x000000de39300000,0x000000de39400000)]
  0x000002131c897800 JavaThread "jar transforms Thread 214" [_thread_blocked, id=7716, stack(0x000000de39400000,0x000000de39500000)]
  0x000002131c896000 JavaThread "jar transforms Thread 215" [_thread_blocked, id=9516, stack(0x000000de39500000,0x000000de39600000)]
  0x000002131fe33000 JavaThread "jar transforms Thread 216" [_thread_blocked, id=6964, stack(0x000000de39600000,0x000000de39700000)]
  0x000002131fe37000 JavaThread "jar transforms Thread 217" [_thread_blocked, id=1448, stack(0x000000de39700000,0x000000de39800000)]
  0x000002131fe34000 JavaThread "jar transforms Thread 218" [_thread_blocked, id=12284, stack(0x000000de39800000,0x000000de39900000)]
  0x000002131fe34800 JavaThread "jar transforms Thread 219" [_thread_blocked, id=11820, stack(0x000000de39900000,0x000000de39a00000)]
  0x000002131fe35800 JavaThread "jar transforms Thread 220" [_thread_blocked, id=10908, stack(0x000000de39a00000,0x000000de39b00000)]
  0x000002131fe31800 JavaThread "jar transforms Thread 221" [_thread_blocked, id=2104, stack(0x000000de39b00000,0x000000de39c00000)]
  0x000002131fe36800 JavaThread "jar transforms Thread 222" [_thread_blocked, id=12268, stack(0x000000de39c00000,0x000000de39d00000)]
  0x000002131fe38000 JavaThread "jar transforms Thread 223" [_thread_blocked, id=4668, stack(0x000000de39d00000,0x000000de39e00000)]
  0x000002131fe32000 JavaThread "jar transforms Thread 224" [_thread_blocked, id=9248, stack(0x000000de39e00000,0x000000de39f00000)]
  0x000002131fe38800 JavaThread "jar transforms Thread 225" [_thread_blocked, id=11088, stack(0x000000de39f00000,0x000000de3a000000)]
  0x000002131fe3d000 JavaThread "jar transforms Thread 226" [_thread_blocked, id=2608, stack(0x000000de3a000000,0x000000de3a100000)]
  0x000002131fe3f800 JavaThread "jar transforms Thread 227" [_thread_blocked, id=9228, stack(0x000000de3a100000,0x000000de3a200000)]
  0x000002131fe3b000 JavaThread "jar transforms Thread 228" [_thread_blocked, id=9152, stack(0x000000de3a200000,0x000000de3a300000)]
  0x000002131fe39800 JavaThread "jar transforms Thread 229" [_thread_blocked, id=12080, stack(0x000000de3a300000,0x000000de3a400000)]
  0x000002131fe3c000 JavaThread "jar transforms Thread 230" [_thread_blocked, id=4060, stack(0x000000de3a400000,0x000000de3a500000)]
  0x000002131fe3a800 JavaThread "jar transforms Thread 231" [_thread_blocked, id=3884, stack(0x000000de3a500000,0x000000de3a600000)]
  0x000002131fe3d800 JavaThread "jar transforms Thread 232" [_thread_blocked, id=10292, stack(0x000000de3a600000,0x000000de3a700000)]
  0x000002131fe40000 JavaThread "build event listener" [_thread_blocked, id=12176, stack(0x000000de3a700000,0x000000de3a800000)]
  0x000002131fe3e800 JavaThread "build event listener" [_thread_blocked, id=10664, stack(0x000000de3a800000,0x000000de3a900000)]
  0x000002131eac0000 JavaThread "Execution worker for ':'" [_thread_blocked, id=11688, stack(0x000000de3a900000,0x000000de3aa00000)]
  0x000002131eabd000 JavaThread "Execution worker for ':' Thread 2" [_thread_blocked, id=8924, stack(0x000000de3ab00000,0x000000de3ac00000)]
  0x000002131eabe800 JavaThread "Execution worker for ':' Thread 3" [_thread_blocked, id=12072, stack(0x000000de3ac00000,0x000000de3ad00000)]
  0x000002131eabc000 JavaThread "Cache worker for execution history cache (C:\Users\juana\AndroidStudioProjects\JuanDaOnlineShop2\.gradle\6.7.1\executionHistory)" [_thread_blocked, id=12124, stack(0x000000de3ad00000,0x000000de3ae00000)]
  0x000002131eabf800 JavaThread "WorkerExecutor Queue" [_thread_blocked, id=772, stack(0x000000de3ae00000,0x000000de3af00000)]
  0x000002131eabb000 JavaThread "WorkerExecutor Queue Thread 2" [_thread_blocked, id=7308, stack(0x000000de3af00000,0x000000de3b000000)]
  0x000002131eac1800 JavaThread "pool-7-thread-1" [_thread_blocked, id=2284, stack(0x000000de3b000000,0x000000de3b100000)]
  0x000002131eac2800 JavaThread "stderr" [_thread_in_native, id=12116, stack(0x000000de3b100000,0x000000de3b200000)]
  0x000002131eac3800 JavaThread "stdout" [_thread_in_native, id=8484, stack(0x000000de3b200000,0x000000de3b300000)]

Other Threads:
  0x0000021315e09000 VMThread "VM Thread" [stack: 0x000000de30e00000,0x000000de30f00000] [id=10116]
  0x000002131691f000 WatcherThread [stack: 0x000000de31800000,0x000000de31900000] [id=7808]
  0x000002137bc51000 GCTaskThread "GC Thread#0" [stack: 0x000000de30900000,0x000000de30a00000] [id=1888]
  0x0000021316b5e800 GCTaskThread "GC Thread#1" [stack: 0x000000de31900000,0x000000de31a00000] [id=5332]
  0x0000021316cc5800 GCTaskThread "GC Thread#2" [stack: 0x000000de31a00000,0x000000de31b00000] [id=2160]
  0x0000021316be2800 GCTaskThread "GC Thread#3" [stack: 0x000000de32700000,0x000000de32800000] [id=5268]
  0x000002137bc82800 ConcurrentGCThread "G1 Main Marker" [stack: 0x000000de30a00000,0x000000de30b00000] [id=10172]
  0x000002137bc85000 ConcurrentGCThread "G1 Conc#0" [stack: 0x000000de30b00000,0x000000de30c00000] [id=4408]
  0x000002137bd19000 ConcurrentGCThread "G1 Refine#0" [stack: 0x000000de30c00000,0x000000de30d00000] [id=9632]
  0x000002137bd1a000 ConcurrentGCThread "G1 Young RemSet Sampling" [stack: 0x000000de30d00000,0x000000de30e00000] [id=4860]

Threads with active compile tasks:
C2 CompilerThread0 485875 14826   !   4       java.io.ObjectStreamClass::lookup (334 bytes)

VM state:not at safepoint (normal execution)

VM Mutex/Monitor currently owned by a thread: None

Heap address: 0x0000000080000000, size: 2048 MB, Compressed Oops mode: 32-bit
Narrow klass base: 0x0000000000000000, Narrow klass shift: 3
Compressed class space size: 1073741824 Address: 0x0000000100000000

Heap:
 garbage-first heap   total 189440K, used 128046K [0x0000000080000000, 0x0000000100000000)
  region size 1024K, 11 young (11264K), 3 survivors (3072K)
 Metaspace       used 115356K, capacity 118457K, committed 118600K, reserved 1153024K
  class space    used 14479K, capacity 15554K, committed 15564K, reserved 1048576K
Heap Regions: E=young(eden), S=young(survivor), O=old, HS=humongous(starts), HC=humongous(continues), CS=collection set, F=free, A=archive, TAMS=top-at-mark-start (previous, next)
|   0|0x0000000080000000, 0x0000000080100000, 0x0000000080100000|100%| O|  |TAMS 0x0000000080100000, 0x0000000080000000| Untracked 
|   1|0x0000000080100000, 0x0000000080200000, 0x0000000080200000|100%| O|  |TAMS 0x0000000080200000, 0x0000000080100000| Untracked 
|   2|0x0000000080200000, 0x0000000080300000, 0x0000000080300000|100%| O|  |TAMS 0x0000000080300000, 0x0000000080200000| Complete 
|   3|0x0000000080300000, 0x0000000080400000, 0x0000000080400000|100%|HS|  |TAMS 0x0000000080400000, 0x0000000080300000| Complete 
|   4|0x0000000080400000, 0x0000000080500000, 0x0000000080500000|100%|HC|  |TAMS 0x0000000080500000, 0x0000000080400000| Complete 
|   5|0x0000000080500000, 0x0000000080600000, 0x0000000080600000|100%|HC|  |TAMS 0x0000000080600000, 0x0000000080500000| Complete 
|   6|0x0000000080600000, 0x0000000080700000, 0x0000000080700000|100%| O|  |TAMS 0x0000000080700000, 0x0000000080600000| Untracked 
|   7|0x0000000080700000, 0x0000000080800000, 0x0000000080800000|100%| O|  |TAMS 0x0000000080800000, 0x0000000080700000| Untracked 
|   8|0x0000000080800000, 0x0000000080900000, 0x0000000080900000|100%| O|  |TAMS 0x0000000080900000, 0x0000000080800000| Untracked 
|   9|0x0000000080900000, 0x0000000080a00000, 0x0000000080a00000|100%| O|  |TAMS 0x0000000080a00000, 0x0000000080900000| Untracked 
|  10|0x0000000080a00000, 0x0000000080b00000, 0x0000000080b00000|100%| O|  |TAMS 0x0000000080b00000, 0x0000000080a00000| Untracked 
|  11|0x0000000080b00000, 0x0000000080c00000, 0x0000000080c00000|100%| O|  |TAMS 0x0000000080c00000, 0x0000000080b00000| Untracked 
|  12|0x0000000080c00000, 0x0000000080d00000, 0x0000000080d00000|100%| O|  |TAMS 0x0000000080d00000, 0x0000000080c00000| Untracked 
|  13|0x0000000080d00000, 0x0000000080e00000, 0x0000000080e00000|100%|HS|  |TAMS 0x0000000080e00000, 0x0000000080d00000| Complete 
|  14|0x0000000080e00000, 0x0000000080f00000, 0x0000000080f00000|100%|HC|  |TAMS 0x0000000080f00000, 0x0000000080e00000| Complete 
|  15|0x0000000080f00000, 0x0000000081000000, 0x0000000081000000|100%|HS|  |TAMS 0x0000000081000000, 0x0000000080f00000| Complete 
|  16|0x0000000081000000, 0x0000000081100000, 0x0000000081100000|100%|HC|  |TAMS 0x0000000081100000, 0x0000000081000000| Complete 
|  17|0x0000000081100000, 0x0000000081200000, 0x0000000081200000|100%|HC|  |TAMS 0x0000000081200000, 0x0000000081100000| Complete 
|  18|0x0000000081200000, 0x0000000081300000, 0x0000000081300000|100%|HS|  |TAMS 0x0000000081300000, 0x0000000081200000| Complete 
|  19|0x0000000081300000, 0x0000000081400000, 0x0000000081400000|100%|HC|  |TAMS 0x0000000081400000, 0x0000000081300000| Complete 
|  20|0x0000000081400000, 0x0000000081500000, 0x0000000081500000|100%|HC|  |TAMS 0x0000000081500000, 0x0000000081400000| Complete 
|  21|0x0000000081500000, 0x0000000081600000, 0x0000000081600000|100%|HC|  |TAMS 0x0000000081600000, 0x0000000081500000| Complete 
|  22|0x0000000081600000, 0x0000000081700000, 0x0000000081700000|100%| O|  |TAMS 0x0000000081700000, 0x0000000081600000| Untracked 
|  23|0x0000000081700000, 0x0000000081800000, 0x0000000081800000|100%| O|  |TAMS 0x0000000081800000, 0x0000000081700000| Untracked 
|  24|0x0000000081800000, 0x0000000081900000, 0x0000000081900000|100%| O|  |TAMS 0x0000000081900000, 0x0000000081800000| Untracked 
|  25|0x0000000081900000, 0x0000000081a00000, 0x0000000081a00000|100%| O|  |TAMS 0x0000000081a00000, 0x0000000081900000| Untracked 
|  26|0x0000000081a00000, 0x0000000081b00000, 0x0000000081b00000|100%| O|  |TAMS 0x0000000081b00000, 0x0000000081a00000| Untracked 
|  27|0x0000000081b00000, 0x0000000081c00000, 0x0000000081c00000|100%| O|  |TAMS 0x0000000081c00000, 0x0000000081b00000| Untracked 
|  28|0x0000000081c00000, 0x0000000081d00000, 0x0000000081d00000|100%|HS|  |TAMS 0x0000000081d00000, 0x0000000081c00000| Complete 
|  29|0x0000000081d00000, 0x0000000081e00000, 0x0000000081e00000|100%|HC|  |TAMS 0x0000000081e00000, 0x0000000081d00000| Complete 
|  30|0x0000000081e00000, 0x0000000081f00000, 0x0000000081f00000|100%|HC|  |TAMS 0x0000000081f00000, 0x0000000081e00000| Complete 
|  31|0x0000000081f00000, 0x0000000082000000, 0x0000000082000000|100%|HC|  |TAMS 0x0000000082000000, 0x0000000081f00000| Complete 
|  32|0x0000000082000000, 0x0000000082100000, 0x0000000082100000|100%|HS|  |TAMS 0x0000000082100000, 0x0000000082000000| Complete 
|  33|0x0000000082100000, 0x0000000082200000, 0x0000000082200000|100%|HC|  |TAMS 0x0000000082200000, 0x0000000082100000| Complete 
|  34|0x0000000082200000, 0x0000000082300000, 0x0000000082300000|100%|HC|  |TAMS 0x0000000082300000, 0x0000000082200000| Complete 
|  35|0x0000000082300000, 0x0000000082400000, 0x0000000082400000|100%| O|  |TAMS 0x0000000082400000, 0x0000000082300000| Untracked 
|  36|0x0000000082400000, 0x0000000082500000, 0x0000000082500000|100%| O|  |TAMS 0x0000000082500000, 0x0000000082400000| Untracked 
|  37|0x0000000082500000, 0x0000000082600000, 0x0000000082600000|100%| O|  |TAMS 0x0000000082600000, 0x0000000082500000| Untracked 
|  38|0x0000000082600000, 0x0000000082700000, 0x0000000082700000|100%| O|  |TAMS 0x0000000082700000, 0x0000000082600000| Complete 
|  39|0x0000000082700000, 0x0000000082800000, 0x0000000082800000|100%| O|  |TAMS 0x0000000082800000, 0x0000000082700000| Complete 
|  40|0x0000000082800000, 0x0000000082900000, 0x0000000082900000|100%| O|  |TAMS 0x0000000082900000, 0x0000000082800000| Untracked 
|  41|0x0000000082900000, 0x0000000082a00000, 0x0000000082a00000|100%| O|  |TAMS 0x0000000082a00000, 0x0000000082900000| Untracked 
|  42|0x0000000082a00000, 0x0000000082b00000, 0x0000000082b00000|100%| O|  |TAMS 0x0000000082b00000, 0x0000000082a00000| Untracked 
|  43|0x0000000082b00000, 0x0000000082c00000, 0x0000000082c00000|100%| O|  |TAMS 0x0000000082c00000, 0x0000000082b00000| Complete 
|  44|0x0000000082c00000, 0x0000000082d00000, 0x0000000082d00000|100%| O|  |TAMS 0x0000000082d00000, 0x0000000082c00000| Untracked 
|  45|0x0000000082d00000, 0x0000000082e00000, 0x0000000082e00000|100%|HS|  |TAMS 0x0000000082e00000, 0x0000000082d00000| Complete 
|  46|0x0000000082e00000, 0x0000000082f00000, 0x0000000082f00000|100%|HS|  |TAMS 0x0000000082f00000, 0x0000000082e00000| Complete 
|  47|0x0000000082f00000, 0x0000000083000000, 0x0000000083000000|100%|HC|  |TAMS 0x0000000083000000, 0x0000000082f00000| Complete 
|  48|0x0000000083000000, 0x0000000083100000, 0x0000000083100000|100%|HC|  |TAMS 0x0000000083100000, 0x0000000083000000| Complete 
|  49|0x0000000083100000, 0x0000000083200000, 0x0000000083200000|100%| O|  |TAMS 0x0000000083200000, 0x0000000083100000| Untracked 
|  50|0x0000000083200000, 0x0000000083300000, 0x0000000083300000|100%| O|  |TAMS 0x0000000083300000, 0x0000000083200000| Untracked 
|  51|0x0000000083300000, 0x0000000083400000, 0x0000000083400000|100%| O|  |TAMS 0x0000000083400000, 0x0000000083300000| Complete 
|  52|0x0000000083400000, 0x0000000083500000, 0x0000000083500000|100%| O|  |TAMS 0x0000000083500000, 0x0000000083400000| Untracked 
|  53|0x0000000083500000, 0x0000000083600000, 0x0000000083600000|100%|HS|  |TAMS 0x0000000083600000, 0x0000000083500000| Complete 
|  54|0x0000000083600000, 0x0000000083700000, 0x0000000083700000|100%|HC|  |TAMS 0x0000000083700000, 0x0000000083600000| Complete 
|  55|0x0000000083700000, 0x0000000083800000, 0x0000000083800000|100%| O|  |TAMS 0x0000000083800000, 0x0000000083700000| Complete 
|  56|0x0000000083800000, 0x0000000083900000, 0x0000000083900000|100%| O|  |TAMS 0x0000000083900000, 0x0000000083800000| Untracked 
|  57|0x0000000083900000, 0x0000000083a00000, 0x0000000083a00000|100%| O|  |TAMS 0x0000000083a00000, 0x0000000083900000| Untracked 
|  58|0x0000000083a00000, 0x0000000083b00000, 0x0000000083b00000|100%| O|  |TAMS 0x0000000083b00000, 0x0000000083a00000| Untracked 
|  59|0x0000000083b00000, 0x0000000083c00000, 0x0000000083c00000|100%| O|  |TAMS 0x0000000083c00000, 0x0000000083b00000| Complete 
|  60|0x0000000083c00000, 0x0000000083d00000, 0x0000000083d00000|100%| O|  |TAMS 0x0000000083d00000, 0x0000000083c00000| Complete 
|  61|0x0000000083d00000, 0x0000000083e00000, 0x0000000083e00000|100%| O|  |TAMS 0x0000000083e00000, 0x0000000083d00000| Untracked 
|  62|0x0000000083e00000, 0x0000000083f00000, 0x0000000083f00000|100%| O|  |TAMS 0x0000000083f00000, 0x0000000083e00000| Untracked 
|  63|0x0000000083f00000, 0x0000000084000000, 0x0000000084000000|100%| O|  |TAMS 0x0000000084000000, 0x0000000083f00000| Untracked 
|  64|0x0000000084000000, 0x0000000084100000, 0x0000000084100000|100%| O|  |TAMS 0x0000000084100000, 0x0000000084000000| Untracked 
|  65|0x0000000084100000, 0x0000000084200000, 0x0000000084200000|100%| O|  |TAMS 0x0000000084200000, 0x0000000084100000| Complete 
|  66|0x0000000084200000, 0x0000000084300000, 0x0000000084300000|100%| O|  |TAMS 0x0000000084300000, 0x0000000084200000| Complete 
|  67|0x0000000084300000, 0x0000000084400000, 0x0000000084400000|100%| O|  |TAMS 0x0000000084400000, 0x0000000084300000| Complete 
|  68|0x0000000084400000, 0x0000000084500000, 0x0000000084500000|100%| O|  |TAMS 0x0000000084500000, 0x0000000084400000| Untracked 
|  69|0x0000000084500000, 0x0000000084600000, 0x0000000084600000|100%| O|  |TAMS 0x0000000084600000, 0x0000000084500000| Untracked 
|  70|0x0000000084600000, 0x0000000084700000, 0x0000000084700000|100%| O|  |TAMS 0x0000000084700000, 0x0000000084600000| Complete 
|  71|0x0000000084700000, 0x0000000084800000, 0x0000000084800000|100%| O|  |TAMS 0x0000000084800000, 0x0000000084700000| Untracked 
|  72|0x0000000084800000, 0x0000000084900000, 0x0000000084900000|100%| O|  |TAMS 0x0000000084900000, 0x0000000084800000| Untracked 
|  73|0x0000000084900000, 0x0000000084a00000, 0x0000000084a00000|100%| O|  |TAMS 0x0000000084a00000, 0x0000000084900000| Untracked 
|  74|0x0000000084a00000, 0x0000000084b00000, 0x0000000084b00000|100%| O|  |TAMS 0x0000000084b00000, 0x0000000084a00000| Complete 
|  75|0x0000000084b00000, 0x0000000084c00000, 0x0000000084c00000|100%| O|  |TAMS 0x0000000084c00000, 0x0000000084b00000| Complete 
|  76|0x0000000084c00000, 0x0000000084d00000, 0x0000000084d00000|100%| O|  |TAMS 0x0000000084d00000, 0x0000000084c00000| Complete 
|  77|0x0000000084d00000, 0x0000000084e00000, 0x0000000084e00000|100%| O|  |TAMS 0x0000000084e00000, 0x0000000084d00000| Complete 
|  78|0x0000000084e00000, 0x0000000084f00000, 0x0000000084f00000|100%| O|  |TAMS 0x0000000084f00000, 0x0000000084e00000| Complete 
|  79|0x0000000084f00000, 0x0000000085000000, 0x0000000085000000|100%| O|  |TAMS 0x0000000085000000, 0x0000000084f00000| Complete 
|  80|0x0000000085000000, 0x0000000085100000, 0x0000000085100000|100%| O|  |TAMS 0x0000000085100000, 0x0000000085000000| Complete 
|  81|0x0000000085100000, 0x0000000085200000, 0x0000000085200000|100%| O|  |TAMS 0x0000000085200000, 0x0000000085100000| Untracked 
|  82|0x0000000085200000, 0x0000000085300000, 0x0000000085300000|100%| O|  |TAMS 0x0000000085300000, 0x0000000085200000| Complete 
|  83|0x0000000085300000, 0x0000000085400000, 0x0000000085400000|100%| O|  |TAMS 0x0000000085400000, 0x0000000085300000| Complete 
|  84|0x0000000085400000, 0x0000000085500000, 0x0000000085500000|100%| O|  |TAMS 0x0000000085500000, 0x0000000085400000| Complete 
|  85|0x0000000085500000, 0x0000000085600000, 0x0000000085600000|100%| O|  |TAMS 0x0000000085600000, 0x0000000085500000| Untracked 
|  86|0x0000000085600000, 0x0000000085700000, 0x0000000085700000|100%| O|  |TAMS 0x0000000085700000, 0x0000000085600000| Complete 
|  87|0x0000000085700000, 0x0000000085800000, 0x0000000085800000|100%| O|  |TAMS 0x0000000085800000, 0x0000000085700000| Complete 
|  88|0x0000000085800000, 0x0000000085900000, 0x0000000085900000|100%| O|  |TAMS 0x0000000085900000, 0x0000000085800000| Untracked 
|  89|0x0000000085900000, 0x0000000085943800, 0x0000000085a00000| 26%| O|  |TAMS 0x0000000085943800, 0x0000000085900000| Untracked 
|  90|0x0000000085a00000, 0x0000000085b00000, 0x0000000085b00000|100%| O|  |TAMS 0x0000000085b00000, 0x0000000085a00000| Complete 
|  91|0x0000000085b00000, 0x0000000085c00000, 0x0000000085c00000|100%| O|  |TAMS 0x0000000085c00000, 0x0000000085b00000| Complete 
|  92|0x0000000085c00000, 0x0000000085d00000, 0x0000000085d00000|100%| O|  |TAMS 0x0000000085d00000, 0x0000000085c00000| Untracked 
|  93|0x0000000085d00000, 0x0000000085e00000, 0x0000000085e00000|100%| O|  |TAMS 0x0000000085e00000, 0x0000000085d00000| Untracked 
|  94|0x0000000085e00000, 0x0000000085f00000, 0x0000000085f00000|100%| O|  |TAMS 0x0000000085f00000, 0x0000000085e00000| Untracked 
|  95|0x0000000085f00000, 0x0000000085f00000, 0x0000000086000000|  0%| F|  |TAMS 0x0000000085f00000, 0x0000000085f00000| Untracked 
|  96|0x0000000086000000, 0x0000000086100000, 0x0000000086100000|100%| O|  |TAMS 0x0000000086100000, 0x0000000086000000| Untracked 
|  97|0x0000000086100000, 0x0000000086100000, 0x0000000086200000|  0%| F|  |TAMS 0x0000000086100000, 0x0000000086100000| Untracked 
|  98|0x0000000086200000, 0x0000000086200000, 0x0000000086300000|  0%| F|  |TAMS 0x0000000086200000, 0x0000000086200000| Untracked 
|  99|0x0000000086300000, 0x0000000086400000, 0x0000000086400000|100%| O|  |TAMS 0x0000000086400000, 0x0000000086300000| Complete 
| 100|0x0000000086400000, 0x0000000086500000, 0x0000000086500000|100%| O|  |TAMS 0x0000000086500000, 0x0000000086400000| Complete 
| 101|0x0000000086500000, 0x0000000086600000, 0x0000000086600000|100%| O|  |TAMS 0x0000000086600000, 0x0000000086500000| Untracked 
| 102|0x0000000086600000, 0x0000000086600000, 0x0000000086700000|  0%| F|  |TAMS 0x0000000086600000, 0x0000000086600000| Untracked 
| 103|0x0000000086700000, 0x0000000086800000, 0x0000000086800000|100%| O|  |TAMS 0x0000000086800000, 0x0000000086700000| Complete 
| 104|0x0000000086800000, 0x0000000086800000, 0x0000000086900000|  0%| F|  |TAMS 0x0000000086800000, 0x0000000086800000| Untracked 
| 105|0x0000000086900000, 0x0000000086a00000, 0x0000000086a00000|100%| O|  |TAMS 0x0000000086a00000, 0x0000000086900000| Complete 
| 106|0x0000000086a00000, 0x0000000086b00000, 0x0000000086b00000|100%| O|  |TAMS 0x0000000086b00000, 0x0000000086a00000| Complete 
| 107|0x0000000086b00000, 0x0000000086c00000, 0x0000000086c00000|100%| O|  |TAMS 0x0000000086c00000, 0x0000000086b00000| Complete 
| 108|0x0000000086c00000, 0x0000000086d00000, 0x0000000086d00000|100%| O|  |TAMS 0x0000000086d00000, 0x0000000086c00000| Untracked 
| 109|0x0000000086d00000, 0x0000000086e00000, 0x0000000086e00000|100%| O|  |TAMS 0x0000000086e00000, 0x0000000086d00000| Untracked 
| 110|0x0000000086e00000, 0x0000000086f00000, 0x0000000086f00000|100%| O|  |TAMS 0x0000000086f00000, 0x0000000086e00000| Untracked 
| 111|0x0000000086f00000, 0x0000000087000000, 0x0000000087000000|100%| O|  |TAMS 0x0000000087000000, 0x0000000086f00000| Untracked 
| 112|0x0000000087000000, 0x0000000087100000, 0x0000000087100000|100%| O|  |TAMS 0x0000000087100000, 0x0000000087000000| Untracked 
| 113|0x0000000087100000, 0x0000000087200000, 0x0000000087200000|100%| O|  |TAMS 0x0000000087200000, 0x0000000087100000| Untracked 
| 114|0x0000000087200000, 0x0000000087300000, 0x0000000087300000|100%| O|  |TAMS 0x0000000087300000, 0x0000000087200000| Complete 
| 115|0x0000000087300000, 0x0000000087400000, 0x0000000087400000|100%| O|  |TAMS 0x0000000087400000, 0x0000000087300000| Complete 
| 116|0x0000000087400000, 0x0000000087500000, 0x0000000087500000|100%| O|  |TAMS 0x0000000087500000, 0x0000000087400000| Untracked 
| 117|0x0000000087500000, 0x0000000087600000, 0x0000000087600000|100%| O|  |TAMS 0x0000000087600000, 0x0000000087500000| Untracked 
| 118|0x0000000087600000, 0x0000000087700000, 0x0000000087700000|100%| O|  |TAMS 0x0000000087700000, 0x0000000087600000| Untracked 
| 119|0x0000000087700000, 0x0000000087700000, 0x0000000087800000|  0%| F|  |TAMS 0x0000000087700000, 0x0000000087700000| Untracked 
| 120|0x0000000087800000, 0x0000000087800000, 0x0000000087900000|  0%| F|  |TAMS 0x0000000087800000, 0x0000000087800000| Untracked 
| 121|0x0000000087900000, 0x0000000087900000, 0x0000000087a00000|  0%| F|  |TAMS 0x0000000087900000, 0x0000000087900000| Untracked 
| 122|0x0000000087a00000, 0x0000000087a00000, 0x0000000087b00000|  0%| F|  |TAMS 0x0000000087a00000, 0x0000000087a00000| Untracked 
| 123|0x0000000087b00000, 0x0000000087c00000, 0x0000000087c00000|100%| O|  |TAMS 0x0000000087c00000, 0x0000000087b00000| Complete 
| 124|0x0000000087c00000, 0x0000000087d00000, 0x0000000087d00000|100%| O|  |TAMS 0x0000000087d00000, 0x0000000087c00000| Untracked 
| 125|0x0000000087d00000, 0x0000000087d00000, 0x0000000087e00000|  0%| F|  |TAMS 0x0000000087d00000, 0x0000000087d00000| Untracked 
| 126|0x0000000087e00000, 0x0000000087e00000, 0x0000000087f00000|  0%| F|  |TAMS 0x0000000087e00000, 0x0000000087e00000| Untracked 
| 127|0x0000000087f00000, 0x0000000087f00000, 0x0000000088000000|  0%| F|  |TAMS 0x0000000087f00000, 0x0000000087f00000| Untracked 
| 128|0x0000000088000000, 0x0000000088000000, 0x0000000088100000|  0%| F|  |TAMS 0x0000000088000000, 0x0000000088000000| Untracked 
| 129|0x0000000088100000, 0x0000000088100000, 0x0000000088200000|  0%| F|  |TAMS 0x0000000088100000, 0x0000000088100000| Untracked 
| 130|0x0000000088200000, 0x0000000088200000, 0x0000000088300000|  0%| F|  |TAMS 0x0000000088200000, 0x0000000088200000| Untracked 
| 131|0x0000000088300000, 0x0000000088300000, 0x0000000088400000|  0%| F|  |TAMS 0x0000000088300000, 0x0000000088300000| Untracked 
| 132|0x0000000088400000, 0x0000000088400000, 0x0000000088500000|  0%| F|  |TAMS 0x0000000088400000, 0x0000000088400000| Untracked 
| 133|0x0000000088500000, 0x0000000088500000, 0x0000000088600000|  0%| F|  |TAMS 0x0000000088500000, 0x0000000088500000| Untracked 
| 134|0x0000000088600000, 0x0000000088600000, 0x0000000088700000|  0%| F|  |TAMS 0x0000000088600000, 0x0000000088600000| Untracked 
| 135|0x0000000088700000, 0x0000000088700000, 0x0000000088800000|  0%| F|  |TAMS 0x0000000088700000, 0x0000000088700000| Untracked 
| 136|0x0000000088800000, 0x0000000088800000, 0x0000000088900000|  0%| F|  |TAMS 0x0000000088800000, 0x0000000088800000| Untracked 
| 137|0x0000000088900000, 0x0000000088900000, 0x0000000088a00000|  0%| F|  |TAMS 0x0000000088900000, 0x0000000088900000| Untracked 
| 138|0x0000000088a00000, 0x0000000088a00000, 0x0000000088b00000|  0%| F|  |TAMS 0x0000000088a00000, 0x0000000088a00000| Untracked 
| 139|0x0000000088b00000, 0x0000000088b00000, 0x0000000088c00000|  0%| F|  |TAMS 0x0000000088b00000, 0x0000000088b00000| Untracked 
| 140|0x0000000088c00000, 0x0000000088c00000, 0x0000000088d00000|  0%| F|  |TAMS 0x0000000088c00000, 0x0000000088c00000| Untracked 
| 141|0x0000000088d00000, 0x0000000088d00000, 0x0000000088e00000|  0%| F|  |TAMS 0x0000000088d00000, 0x0000000088d00000| Untracked 
| 142|0x0000000088e00000, 0x0000000088e00000, 0x0000000088f00000|  0%| F|  |TAMS 0x0000000088e00000, 0x0000000088e00000| Untracked 
| 143|0x0000000088f00000, 0x0000000088f00000, 0x0000000089000000|  0%| F|  |TAMS 0x0000000088f00000, 0x0000000088f00000| Untracked 
| 144|0x0000000089000000, 0x0000000089000000, 0x0000000089100000|  0%| F|  |TAMS 0x0000000089000000, 0x0000000089000000| Untracked 
| 145|0x0000000089100000, 0x0000000089100000, 0x0000000089200000|  0%| F|  |TAMS 0x0000000089100000, 0x0000000089100000| Untracked 
| 146|0x0000000089200000, 0x0000000089200000, 0x0000000089300000|  0%| F|  |TAMS 0x0000000089200000, 0x0000000089200000| Untracked 
| 147|0x0000000089300000, 0x0000000089300000, 0x0000000089400000|  0%| F|  |TAMS 0x0000000089300000, 0x0000000089300000| Untracked 
| 148|0x0000000089400000, 0x00000000894c80d8, 0x0000000089500000| 78%| S|CS|TAMS 0x0000000089400000, 0x0000000089400000| Complete 
| 149|0x0000000089500000, 0x0000000089600000, 0x0000000089600000|100%| S|CS|TAMS 0x0000000089500000, 0x0000000089500000| Complete 
| 150|0x0000000089600000, 0x0000000089700000, 0x0000000089700000|100%| S|CS|TAMS 0x0000000089600000, 0x0000000089600000| Complete 
| 151|0x0000000089700000, 0x0000000089700000, 0x0000000089800000|  0%| F|  |TAMS 0x0000000089700000, 0x0000000089700000| Untracked 
| 152|0x0000000089800000, 0x0000000089800000, 0x0000000089900000|  0%| F|  |TAMS 0x0000000089800000, 0x0000000089800000| Untracked 
| 153|0x0000000089900000, 0x0000000089900000, 0x0000000089a00000|  0%| F|  |TAMS 0x0000000089900000, 0x0000000089900000| Untracked 
| 154|0x0000000089a00000, 0x0000000089a00000, 0x0000000089b00000|  0%| F|  |TAMS 0x0000000089a00000, 0x0000000089a00000| Untracked 
| 155|0x0000000089b00000, 0x0000000089b00000, 0x0000000089c00000|  0%| F|  |TAMS 0x0000000089b00000, 0x0000000089b00000| Untracked 
| 156|0x0000000089c00000, 0x0000000089c00000, 0x0000000089d00000|  0%| F|  |TAMS 0x0000000089c00000, 0x0000000089c00000| Untracked 
| 157|0x0000000089d00000, 0x0000000089d00000, 0x0000000089e00000|  0%| F|  |TAMS 0x0000000089d00000, 0x0000000089d00000| Untracked 
| 158|0x0000000089e00000, 0x0000000089e00000, 0x0000000089f00000|  0%| F|  |TAMS 0x0000000089e00000, 0x0000000089e00000| Untracked 
| 159|0x0000000089f00000, 0x0000000089f00000, 0x000000008a000000|  0%| F|  |TAMS 0x0000000089f00000, 0x0000000089f00000| Untracked 
| 160|0x000000008a000000, 0x000000008a000000, 0x000000008a100000|  0%| F|  |TAMS 0x000000008a000000, 0x000000008a000000| Untracked 
| 161|0x000000008a100000, 0x000000008a100000, 0x000000008a200000|  0%| F|  |TAMS 0x000000008a100000, 0x000000008a100000| Untracked 
| 162|0x000000008a200000, 0x000000008a200000, 0x000000008a300000|  0%| F|  |TAMS 0x000000008a200000, 0x000000008a200000| Untracked 
| 163|0x000000008a300000, 0x000000008a300000, 0x000000008a400000|  0%| F|  |TAMS 0x000000008a300000, 0x000000008a300000| Untracked 
| 164|0x000000008a400000, 0x000000008a400000, 0x000000008a500000|  0%| F|  |TAMS 0x000000008a400000, 0x000000008a400000| Untracked 
| 165|0x000000008a500000, 0x000000008a500000, 0x000000008a600000|  0%| F|  |TAMS 0x000000008a500000, 0x000000008a500000| Untracked 
| 166|0x000000008a600000, 0x000000008a600000, 0x000000008a700000|  0%| F|  |TAMS 0x000000008a600000, 0x000000008a600000| Untracked 
| 167|0x000000008a700000, 0x000000008a700000, 0x000000008a800000|  0%| F|  |TAMS 0x000000008a700000, 0x000000008a700000| Untracked 
| 168|0x000000008a800000, 0x000000008a800000, 0x000000008a900000|  0%| F|  |TAMS 0x000000008a800000, 0x000000008a800000| Untracked 
| 169|0x000000008a900000, 0x000000008a900000, 0x000000008aa00000|  0%| F|  |TAMS 0x000000008a900000, 0x000000008a900000| Untracked 
| 170|0x000000008aa00000, 0x000000008aa00000, 0x000000008ab00000|  0%| F|  |TAMS 0x000000008aa00000, 0x000000008aa00000| Untracked 
| 171|0x000000008ab00000, 0x000000008ab00000, 0x000000008ac00000|  0%| F|  |TAMS 0x000000008ab00000, 0x000000008ab00000| Untracked 
| 172|0x000000008ac00000, 0x000000008ac00000, 0x000000008ad00000|  0%| F|  |TAMS 0x000000008ac00000, 0x000000008ac00000| Untracked 
| 173|0x000000008ad00000, 0x000000008ad00000, 0x000000008ae00000|  0%| F|  |TAMS 0x000000008ad00000, 0x000000008ad00000| Untracked 
| 174|0x000000008ae00000, 0x000000008ae00000, 0x000000008af00000|  0%| F|  |TAMS 0x000000008ae00000, 0x000000008ae00000| Untracked 
| 175|0x000000008af00000, 0x000000008af00000, 0x000000008b000000|  0%| F|  |TAMS 0x000000008af00000, 0x000000008af00000| Untracked 
| 176|0x000000008b000000, 0x000000008b000000, 0x000000008b100000|  0%| F|  |TAMS 0x000000008b000000, 0x000000008b000000| Untracked 
| 177|0x000000008b100000, 0x000000008b168250, 0x000000008b200000| 40%| E|  |TAMS 0x000000008b100000, 0x000000008b100000| Complete 
| 178|0x000000008b200000, 0x000000008b300000, 0x000000008b300000|100%| E|CS|TAMS 0x000000008b200000, 0x000000008b200000| Complete 
| 179|0x000000008b300000, 0x000000008b400000, 0x000000008b400000|100%| E|CS|TAMS 0x000000008b300000, 0x000000008b300000| Complete 
| 180|0x000000008b400000, 0x000000008b500000, 0x000000008b500000|100%| E|CS|TAMS 0x000000008b400000, 0x000000008b400000| Complete 
| 181|0x000000008b500000, 0x000000008b600000, 0x000000008b600000|100%| E|CS|TAMS 0x000000008b500000, 0x000000008b500000| Complete 
| 182|0x000000008b600000, 0x000000008b700000, 0x000000008b700000|100%| E|CS|TAMS 0x000000008b600000, 0x000000008b600000| Complete 
| 183|0x000000008b700000, 0x000000008b800000, 0x000000008b800000|100%| E|CS|TAMS 0x000000008b700000, 0x000000008b700000| Complete 
| 184|0x000000008b800000, 0x000000008b900000, 0x000000008b900000|100%| E|CS|TAMS 0x000000008b800000, 0x000000008b800000| Complete 

Card table byte_map: [0x000002130f000000,0x000002130f400000] _byte_map_base: 0x000002130ec00000

Marking Bits (Prev, Next): (CMBitMap*) 0x000002137bc79a10, (CMBitMap*) 0x000002137bc799d8
 Prev Bits: [0x0000021311800000, 0x0000021313800000)
 Next Bits: [0x000002130f800000, 0x0000021311800000)

Polling page: 0x000002137a3c0000

Metaspace:

Usage:
  Non-class:    100.49 MB capacity,    98.51 MB ( 98%) used,     1.67 MB (  2%) free+waste,   313.69 KB ( <1%) overhead. 
      Class:     15.19 MB capacity,    14.14 MB ( 93%) used,   932.35 KB (  6%) free+waste,   142.56 KB ( <1%) overhead. 
       Both:    115.68 MB capacity,   112.65 MB ( 97%) used,     2.58 MB (  2%) free+waste,   456.25 KB ( <1%) overhead. 

Virtual space:
  Non-class space:      102.00 MB reserved,     100.62 MB ( 99%) committed 
      Class space:        1.00 GB reserved,      15.20 MB (  1%) committed 
             Both:        1.10 GB reserved,     115.82 MB ( 10%) committed 

Chunk freelists:
   Non-Class:  5.00 KB
       Class:  0 bytes
        Both:  5.00 KB

MaxMetaspaceSize: 17179869184.00 GB
CompressedClassSpaceSize: 1.00 GB

CodeHeap 'non-profiled nmethods': size=120064Kb used=10001Kb max_used=10001Kb free=110063Kb
 bounds [0x0000021307ac0000, 0x0000021308490000, 0x000002130f000000]
CodeHeap 'profiled nmethods': size=120000Kb used=29943Kb max_used=30041Kb free=90056Kb
 bounds [0x0000021300590000, 0x0000021302310000, 0x0000021307ac0000]
CodeHeap 'non-nmethods': size=5696Kb used=2333Kb max_used=2384Kb free=3362Kb
 bounds [0x0000021300000000, 0x0000021300270000, 0x0000021300590000]
 total_blobs=14499 nmethods=13550 adapters=859
 compilation: enabled
              stopped_count=0, restarted_count=0
 full_count=0

Compilation events (20 events):
Event: 484.642 Thread 0x000002131eac1000 14799       4       java.util.Spliterator::getExactSizeIfKnown (25 bytes)
Event: 484.643 Thread 0x0000021315e37000 14818       3       org.gradle.internal.resources.AbstractTrackedResourceLock::isLocked (9 bytes)
Event: 484.643 Thread 0x000002131eac1000 nmethod 14799 0x000002130846f310 code [0x000002130846f4a0, 0x000002130846f558]
Event: 484.643 Thread 0x000002131eac1000 14800       4       org.gradle.internal.snapshot.AbstractCompleteFileSystemLocationSnapshot::getSnapshot (5 bytes)
Event: 484.644 Thread 0x0000021315e37000 nmethod 14818 0x00000213013ad390 code [0x00000213013ad580, 0x00000213013ad928]
Event: 484.646 Thread 0x000002131eac1000 nmethod 14800 0x000002130846f610 code [0x000002130846f7a0, 0x000002130846f8f8]
Event: 484.647 Thread 0x000002131eac1000 14819       4       java.io.ObjectOutputStream$BlockDataOutputStream::writeInt (46 bytes)
Event: 484.647 Thread 0x0000021315e37000 14820       3       org.gradle.internal.resources.ExclusiveAccessResourceLock::doIsLocked (8 bytes)
Event: 484.648 Thread 0x0000021315e37000 nmethod 14820 0x00000213012f2110 code [0x00000213012f22e0, 0x00000213012f2598]
Event: 484.648 Thread 0x0000021315e37000 14821       3       org.gradle.api.internal.tasks.properties.AbstractFilePropertySpec::<init> (16 bytes)
Event: 484.648 Thread 0x0000021315e37000 nmethod 14821 0x0000021301375890 code [0x0000021301375a60, 0x0000021301375d38]
Event: 484.650 Thread 0x000002131eac1000 nmethod 14819 0x000002130846f990 code [0x000002130846fb20, 0x000002130846fc58]
Event: 484.665 Thread 0x0000021315e37000 14822   !   3       jdk.internal.reflect.GeneratedMethodAccessor217::invoke (66 bytes)
Event: 484.666 Thread 0x0000021315e37000 nmethod 14822 0x00000213013b4e90 code [0x00000213013b50c0, 0x00000213013b57d8]
Event: 484.772 Thread 0x0000021315e37000 14823       3       org.gradle.execution.plan.DefaultExecutionPlan::selectNext (232 bytes)
Event: 484.776 Thread 0x0000021315e37000 nmethod 14823 0x00000213014bc410 code [0x00000213014bc8a0, 0x00000213014bf058]
Event: 484.779 Thread 0x0000021315e37000 14825       3       com.google.common.collect.FluentIterable::<init> (12 bytes)
Event: 484.779 Thread 0x0000021315e37000 nmethod 14825 0x00000213013ace10 code [0x00000213013acfe0, 0x00000213013ad258]
Event: 484.893 Thread 0x0000021315e27000 nmethod 14763 0x000002130846fd90 code [0x0000021308470940, 0x0000021308478578]
Event: 484.894 Thread 0x0000021315e27000 14826   !   4       java.io.ObjectStreamClass::lookup (334 bytes)

GC Heap History (20 events):
Event: 469.547 GC heap before
{Heap before GC invocations=61 (full 0):
 garbage-first heap   total 189440K, used 125830K [0x0000000080000000, 0x0000000100000000)
  region size 1024K, 9 young (9216K), 4 survivors (4096K)
 Metaspace       used 108520K, capacity 111502K, committed 111688K, reserved 1146880K
  class space    used 13698K, capacity 14711K, committed 14796K, reserved 1048576K
}
Event: 469.565 GC heap after
{Heap after GC invocations=62 (full 0):
 garbage-first heap   total 189440K, used 124304K [0x0000000080000000, 0x0000000100000000)
  region size 1024K, 2 young (2048K), 2 survivors (2048K)
 Metaspace       used 108520K, capacity 111502K, committed 111688K, reserved 1146880K
  class space    used 13698K, capacity 14711K, committed 14796K, reserved 1048576K
}
Event: 472.137 GC heap before
{Heap before GC invocations=62 (full 0):
 garbage-first heap   total 189440K, used 147856K [0x0000000080000000, 0x0000000100000000)
  region size 1024K, 25 young (25600K), 2 survivors (2048K)
 Metaspace       used 110910K, capacity 113879K, committed 113992K, reserved 1148928K
  class space    used 13996K, capacity 15013K, committed 15052K, reserved 1048576K
}
Event: 472.153 GC heap after
{Heap after GC invocations=63 (full 0):
 garbage-first heap   total 189440K, used 126156K [0x0000000080000000, 0x0000000100000000)
  region size 1024K, 4 young (4096K), 4 survivors (4096K)
 Metaspace       used 110910K, capacity 113879K, committed 113992K, reserved 1148928K
  class space    used 13996K, capacity 15013K, committed 15052K, reserved 1048576K
}
Event: 475.321 GC heap before
{Heap before GC invocations=64 (full 0):
 garbage-first heap   total 189440K, used 164044K [0x0000000080000000, 0x0000000100000000)
  region size 1024K, 27 young (27648K), 4 survivors (4096K)
 Metaspace       used 112281K, capacity 115285K, committed 115400K, reserved 1148928K
  class space    used 14138K, capacity 15158K, committed 15180K, reserved 1048576K
}
Event: 475.346 GC heap after
{Heap after GC invocations=65 (full 0):
 garbage-first heap   total 189440K, used 127569K [0x0000000080000000, 0x0000000100000000)
  region size 1024K, 4 young (4096K), 4 survivors (4096K)
 Metaspace       used 112281K, capacity 115285K, committed 115400K, reserved 1148928K
  class space    used 14138K, capacity 15158K, committed 15180K, reserved 1048576K
}
Event: 475.945 GC heap before
{Heap before GC invocations=65 (full 0):
 garbage-first heap   total 189440K, used 132689K [0x0000000080000000, 0x0000000100000000)
  region size 1024K, 9 young (9216K), 4 survivors (4096K)
 Metaspace       used 112738K, capacity 115816K, committed 116040K, reserved 1150976K
  class space    used 14201K, capacity 15267K, committed 15308K, reserved 1048576K
}
Event: 475.957 GC heap after
{Heap after GC invocations=66 (full 0):
 garbage-first heap   total 189440K, used 127771K [0x0000000080000000, 0x0000000100000000)
  region size 1024K, 1 young (1024K), 1 survivors (1024K)
 Metaspace       used 112738K, capacity 115816K, committed 116040K, reserved 1150976K
  class space    used 14201K, capacity 15267K, committed 15308K, reserved 1048576K
}
Event: 477.874 GC heap before
{Heap before GC invocations=66 (full 0):
 garbage-first heap   total 189440K, used 151323K [0x0000000080000000, 0x0000000100000000)
  region size 1024K, 25 young (25600K), 1 survivors (1024K)
 Metaspace       used 113876K, capacity 117000K, committed 117192K, reserved 1150976K
  class space    used 14324K, capacity 15379K, committed 15436K, reserved 1048576K
}
Event: 477.881 GC heap after
{Heap after GC invocations=67 (full 0):
 garbage-first heap   total 189440K, used 128057K [0x0000000080000000, 0x0000000100000000)
  region size 1024K, 1 young (1024K), 1 survivors (1024K)
 Metaspace       used 113876K, capacity 117000K, committed 117192K, reserved 1150976K
  class space    used 14324K, capacity 15379K, committed 15436K, reserved 1048576K
}
Event: 479.576 GC heap before
{Heap before GC invocations=68 (full 0):
 garbage-first heap   total 189440K, used 148537K [0x0000000080000000, 0x0000000100000000)
  region size 1024K, 26 young (26624K), 1 survivors (1024K)
 Metaspace       used 114390K, capacity 117486K, committed 117704K, reserved 1150976K
  class space    used 14374K, capacity 15426K, committed 15436K, reserved 1048576K
}
Event: 479.586 GC heap after
{Heap after GC invocations=69 (full 0):
 garbage-first heap   total 189440K, used 124800K [0x0000000080000000, 0x0000000100000000)
  region size 1024K, 2 young (2048K), 2 survivors (2048K)
 Metaspace       used 114390K, capacity 117486K, committed 117704K, reserved 1150976K
  class space    used 14374K, capacity 15426K, committed 15436K, reserved 1048576K
}
Event: 479.785 GC heap before
{Heap before GC invocations=69 (full 0):
 garbage-first heap   total 189440K, used 130944K [0x0000000080000000, 0x0000000100000000)
  region size 1024K, 9 young (9216K), 2 survivors (2048K)
 Metaspace       used 114392K, capacity 117486K, committed 117704K, reserved 1150976K
  class space    used 14374K, capacity 15426K, committed 15436K, reserved 1048576K
}
Event: 479.808 GC heap after
{Heap after GC invocations=70 (full 0):
 garbage-first heap   total 189440K, used 115285K [0x0000000080000000, 0x0000000100000000)
  region size 1024K, 1 young (1024K), 1 survivors (1024K)
 Metaspace       used 114392K, capacity 117486K, committed 117704K, reserved 1150976K
  class space    used 14374K, capacity 15426K, committed 15436K, reserved 1048576K
}
Event: 481.433 GC heap before
{Heap before GC invocations=70 (full 0):
 garbage-first heap   total 189440K, used 147029K [0x0000000080000000, 0x0000000100000000)
  region size 1024K, 33 young (33792K), 1 survivors (1024K)
 Metaspace       used 115139K, capacity 118242K, committed 118344K, reserved 1153024K
  class space    used 14450K, capacity 15501K, committed 15564K, reserved 1048576K
}
Event: 481.448 GC heap after
{Heap after GC invocations=71 (full 0):
 garbage-first heap   total 189440K, used 118094K [0x0000000080000000, 0x0000000100000000)
  region size 1024K, 4 young (4096K), 4 survivors (4096K)
 Metaspace       used 115139K, capacity 118242K, committed 118344K, reserved 1153024K
  class space    used 14450K, capacity 15501K, committed 15564K, reserved 1048576K
}
Event: 482.821 GC heap before
{Heap before GC invocations=72 (full 0):
 garbage-first heap   total 189440K, used 149838K [0x0000000080000000, 0x0000000100000000)
  region size 1024K, 36 young (36864K), 4 survivors (4096K)
 Metaspace       used 115255K, capacity 118365K, committed 118600K, reserved 1153024K
  class space    used 14466K, capacity 15545K, committed 15564K, reserved 1048576K
}
Event: 482.836 GC heap after
{Heap after GC invocations=73 (full 0):
 garbage-first heap   total 189440K, used 119704K [0x0000000080000000, 0x0000000100000000)
  region size 1024K, 2 young (2048K), 2 survivors (2048K)
 Metaspace       used 115255K, capacity 118365K, committed 118600K, reserved 1153024K
  class space    used 14466K, capacity 15545K, committed 15564K, reserved 1048576K
}
Event: 484.385 GC heap before
{Heap before GC invocations=73 (full 0):
 garbage-first heap   total 189440K, used 152472K [0x0000000080000000, 0x0000000100000000)
  region size 1024K, 35 young (35840K), 2 survivors (2048K)
 Metaspace       used 115319K, capacity 118377K, committed 118600K, reserved 1153024K
  class space    used 14474K, capacity 15549K, committed 15564K, reserved 1048576K
}
Event: 484.394 GC heap after
{Heap after GC invocations=74 (full 0):
 garbage-first heap   total 189440K, used 120878K [0x0000000080000000, 0x0000000100000000)
  region size 1024K, 3 young (3072K), 3 survivors (3072K)
 Metaspace       used 115319K, capacity 118377K, committed 118600K, reserved 1153024K
  class space    used 14474K, capacity 15549K, committed 15564K, reserved 1048576K
}

Deoptimization events (20 events):
Event: 484.282 Thread 0x000002131eabf800 Uncommon trap: trap_request=0xffffffc6 fr.pc=0x0000021307cb97b0 relative=0x0000000000001d50
Event: 484.282 Thread 0x000002131eabf800 Uncommon trap: reason=bimorphic_or_optimized_type_check action=maybe_recompile pc=0x0000021307cb97b0 method=sun.nio.cs.StreamEncoder.writeBytes()V @ 120 c2
Event: 484.282 Thread 0x000002131eabf800 DEOPT PACKING pc=0x0000021307cb97b0 sp=0x000000de3aefda00
Event: 484.282 Thread 0x000002131eabf800 DEOPT UNPACKING pc=0x00000213000274af sp=0x000000de3aefd890 mode 2
Event: 484.283 Thread 0x000002131eabf800 Uncommon trap: trap_request=0xffffffc6 fr.pc=0x0000021307cb97b0 relative=0x0000000000001d50
Event: 484.283 Thread 0x000002131eabf800 Uncommon trap: reason=bimorphic_or_optimized_type_check action=maybe_recompile pc=0x0000021307cb97b0 method=sun.nio.cs.StreamEncoder.writeBytes()V @ 120 c2
Event: 484.283 Thread 0x000002131eabf800 DEOPT PACKING pc=0x0000021307cb97b0 sp=0x000000de3aefda00
Event: 484.283 Thread 0x000002131eabf800 DEOPT UNPACKING pc=0x00000213000274af sp=0x000000de3aefd890 mode 2
Event: 484.284 Thread 0x000002131eabf800 Uncommon trap: trap_request=0xffffffc6 fr.pc=0x0000021307cb97b0 relative=0x0000000000001d50
Event: 484.284 Thread 0x000002131eabf800 Uncommon trap: reason=bimorphic_or_optimized_type_check action=maybe_recompile pc=0x0000021307cb97b0 method=sun.nio.cs.StreamEncoder.writeBytes()V @ 120 c2
Event: 484.284 Thread 0x000002131eabf800 DEOPT PACKING pc=0x0000021307cb97b0 sp=0x000000de3aefda00
Event: 484.284 Thread 0x000002131eabf800 DEOPT UNPACKING pc=0x00000213000274af sp=0x000000de3aefd890 mode 2
Event: 484.587 Thread 0x000002131eabd000 Uncommon trap: trap_request=0xffffff4d fr.pc=0x00000213082a1138 relative=0x0000000000005d18
Event: 484.587 Thread 0x000002131eabd000 Uncommon trap: reason=unstable_if action=reinterpret pc=0x00000213082a1138 method=org.gradle.internal.fingerprint.classpath.impl.ClasspathFingerprintingStrategy$ClasspathFingerprintVisitor.visit(Lorg/gradle/internal/snapshot/CompleteFileSystemLocationSnap
Event: 484.587 Thread 0x000002131eabd000 DEOPT PACKING pc=0x00000213082a1138 sp=0x000000de3abfce10
Event: 484.587 Thread 0x000002131eabd000 DEOPT UNPACKING pc=0x00000213000274af sp=0x000000de3abfcda8 mode 2
Event: 484.587 Thread 0x000002131eabd000 Uncommon trap: trap_request=0xffffff4d fr.pc=0x0000021308295444 relative=0x0000000000003bc4
Event: 484.587 Thread 0x000002131eabd000 Uncommon trap: reason=unstable_if action=reinterpret pc=0x0000021308295444 method=org.gradle.internal.fingerprint.classpath.impl.ClasspathFingerprintingStrategy$ClasspathFingerprintVisitor.visit(Lorg/gradle/internal/snapshot/CompleteFileSystemLocationSnap
Event: 484.587 Thread 0x000002131eabd000 DEOPT PACKING pc=0x0000021308295444 sp=0x000000de3abfcd70
Event: 484.587 Thread 0x000002131eabd000 DEOPT UNPACKING pc=0x00000213000274af sp=0x000000de3abfcd90 mode 2

Classes redefined (0 events):
No events

Internal exceptions (20 events):
Event: 469.070 Thread 0x000002131cba3800 Implicit null exception at 0x000002130831aac2 to 0x000002130831b2a4
Event: 474.227 Thread 0x000002131cba3800 Exception <a 'java/lang/NoSuchMethodError'{0x000000008b1ff8b8}: <clinit>> (0x000000008b1ff8b8) thrown at [./src/hotspot/share/prims/jni.cpp, line 1362]
Event: 474.232 Thread 0x000002131cba3800 Exception <a 'java/lang/NoSuchMethodError'{0x000000008b056ad0}: <clinit>> (0x000000008b056ad0) thrown at [./src/hotspot/share/prims/jni.cpp, line 1362]
Event: 476.360 Thread 0x000002131cba3800 Exception <a 'java/lang/NoSuchMethodError'{0x000000008b45f2c8}: <clinit>> (0x000000008b45f2c8) thrown at [./src/hotspot/share/prims/jni.cpp, line 1362]
Event: 478.876 Thread 0x000002131cba3800 Implicit null exception at 0x0000021307e20494 to 0x0000021307e20a58
Event: 479.312 Thread 0x000002131cba3800 Exception <a 'java/lang/NoSuchMethodError'{0x000000008aad2400}: <clinit>> (0x000000008aad2400) thrown at [./src/hotspot/share/prims/jni.cpp, line 1362]
Event: 479.312 Thread 0x000002131cba3800 Exception <a 'java/lang/NoSuchMethodError'{0x000000008aad3f18}: <clinit>> (0x000000008aad3f18) thrown at [./src/hotspot/share/prims/jni.cpp, line 1362]
Event: 479.312 Thread 0x000002131cba3800 Exception <a 'java/lang/NoSuchMethodError'{0x000000008aad6e50}: <clinit>> (0x000000008aad6e50) thrown at [./src/hotspot/share/prims/jni.cpp, line 1362]
Event: 479.316 Thread 0x000002131cba3800 Exception <a 'java/lang/NoSuchMethodError'{0x000000008aaf81a0}: <clinit>> (0x000000008aaf81a0) thrown at [./src/hotspot/share/prims/jni.cpp, line 1362]
Event: 479.316 Thread 0x000002131cba3800 Exception <a 'java/lang/NoSuchMethodError'{0x000000008aaf9bd0}: <clinit>> (0x000000008aaf9bd0) thrown at [./src/hotspot/share/prims/jni.cpp, line 1362]
Event: 480.280 Thread 0x000002131cba3800 Exception <a 'java/lang/NoSuchMethodError'{0x000000008ac97dc0}: <clinit>> (0x000000008ac97dc0) thrown at [./src/hotspot/share/prims/jni.cpp, line 1362]
Event: 480.291 Thread 0x000002131cba3800 Exception <a 'java/lang/NoSuchMethodError'{0x000000008acd4610}: <clinit>> (0x000000008acd4610) thrown at [./src/hotspot/share/prims/jni.cpp, line 1362]
Event: 481.274 Thread 0x000002131eabd000 Exception <a 'java/lang/NoSuchMethodError'{0x00000000899ba1f8}: 'void java.lang.invoke.DirectMethodHandle$Holder.invokeStatic(java.lang.Object, java.lang.Object, java.lang.Object, java.lang.Object, int, java.lang.Object)'> (0x00000000899ba1f8) thrown at [./src/hotspot/share/interpreter/linkResolver.cpp, line 773]
Event: 481.704 Thread 0x000002131eabf800 Exception <a 'java/lang/NoSuchMethodError'{0x000000008b0bfa40}: 'void java.lang.invoke.DirectMethodHandle$Holder.invokeStatic(java.lang.Object, long)'> (0x000000008b0bfa40) thrown at [./src/hotspot/share/interpreter/linkResolver.cpp, line 773]
Event: 481.705 Thread 0x000002131eabf800 Exception <a 'java/lang/NoSuchMethodError'{0x000000008b0c4c58}: 'java.lang.Object java.lang.invoke.DirectMethodHandle$Holder.invokeStatic(java.lang.Object, long)'> (0x000000008b0c4c58) thrown at [./src/hotspot/share/interpreter/linkResolver.cpp, line 773]
Event: 481.705 Thread 0x000002131eabf800 Exception <a 'java/lang/NoSuchMethodError'{0x000000008b0cafd8}: 'java.lang.Object java.lang.invoke.Invokers$Holder.linkToTargetMethod(long, java.lang.Object)'> (0x000000008b0cafd8) thrown at [./src/hotspot/share/interpreter/linkResolver.cpp, line 773]
Event: 481.708 Thread 0x000002131eabf800 Exception <a 'java/lang/NoSuchMethodError'{0x000000008b0d35c0}: 'java.lang.Object java.lang.invoke.DirectMethodHandle$Holder.invokeStaticInit(java.lang.Object, java.lang.Object, long, java.lang.Object)'> (0x000000008b0d35c0) thrown at [./src/hotspot/share/interpreter/linkResolver.cpp, line 773]
Event: 481.708 Thread 0x000002131eabf800 Exception <a 'java/lang/NoSuchMethodError'{0x000000008b0d9758}: 'java.lang.Object java.lang.invoke.DirectMethodHandle$Holder.invokeStatic(java.lang.Object, java.lang.Object, long)'> (0x000000008b0d9758) thrown at [./src/hotspot/share/interpreter/linkResolver.cpp, line 773]
Event: 481.709 Thread 0x000002131eabf800 Exception <a 'java/lang/NoSuchMethodError'{0x000000008b0e9a50}: 'java.lang.Object java.lang.invoke.Invokers$Holder.linkToTargetMethod(java.lang.Object, long, java.lang.Object)'> (0x000000008b0e9a50) thrown at [./src/hotspot/share/interpreter/linkResolver.cpp, line 773]
Event: 484.601 Thread 0x000002131eabd000 Exception <a 'java/lang/NoSuchMethodError'{0x000000008b2e7410}: 'int java.lang.invoke.DirectMethodHandle$Holder.invokeSpecial(java.lang.Object, java.lang.Object, java.lang.Object, java.lang.Object, java.lang.Object)'> (0x000000008b2e7410) thrown at [./src/hotspot/share/interpreter/linkResolver.cpp, line 773]

Events (20 events):
Event: 484.601 Executing VM operation: RevokeBias done
Event: 484.602 loading class org/gradle/internal/fingerprint/impl/PatternSetSnapshottingFilter
Event: 484.602 loading class org/gradle/internal/fingerprint/impl/PatternSetSnapshottingFilter done
Event: 484.602 loading class org/gradle/internal/snapshot/SnapshottingFilter$FileSystemSnapshotPredicate
Event: 484.602 loading class org/gradle/internal/snapshot/SnapshottingFilter$FileSystemSnapshotPredicate done
Event: 484.602 loading class org/gradle/internal/snapshot/impl/FileSystemSnapshotFilter
Event: 484.602 loading class org/gradle/internal/snapshot/impl/FileSystemSnapshotFilter done
Event: 484.606 loading class org/gradle/internal/snapshot/impl/FileSystemSnapshotFilter$FilteringVisitor
Event: 484.606 loading class org/gradle/internal/snapshot/impl/FileSystemSnapshotFilter$FilteringVisitor done
Event: 484.608 loading class org/gradle/internal/snapshot/SnapshottingFilter
Event: 484.608 loading class org/gradle/internal/snapshot/SnapshottingFilter done
Event: 484.608 loading class org/gradle/internal/snapshot/FileSystemSnapshot
Event: 484.608 loading class org/gradle/internal/snapshot/FileSystemSnapshot done
Event: 484.608 loading class org/gradle/internal/vfs/impl/DefaultFileSystemAccess
Event: 484.608 loading class org/gradle/internal/vfs/impl/DefaultFileSystemAccess done
Event: 484.772 Thread 0x000002131eac1000 Thread exited: 0x000002131eac1000
Event: 484.804 Executing VM operation: CGC_Operation
Event: 484.826 Executing VM operation: CGC_Operation done
Event: 484.988 Executing VM operation: CGC_Operation
Event: 484.988 Executing VM operation: CGC_Operation done


Dynamic libraries:
0x00007ff7625c0000 - 0x00007ff7625ca000 	C:\Program Files\Android\Android Studio\jre\bin\java.exe
0x00007ffc16050000 - 0x00007ffc16245000 	C:\WINDOWS\SYSTEM32\ntdll.dll
0x00007ffc14410000 - 0x00007ffc144cd000 	C:\WINDOWS\System32\KERNEL32.DLL
0x00007ffc13b90000 - 0x00007ffc13e58000 	C:\WINDOWS\System32\KERNELBASE.dll
0x00007ffc13790000 - 0x00007ffc13890000 	C:\WINDOWS\System32\ucrtbase.dll
0x00007ffc0efb0000 - 0x00007ffc0efc9000 	C:\Program Files\Android\Android Studio\jre\bin\jli.dll
0x00007ffc15680000 - 0x00007ffc15820000 	C:\WINDOWS\System32\USER32.dll
0x00007ffc13e60000 - 0x00007ffc13e82000 	C:\WINDOWS\System32\win32u.dll
0x00007ffc0ef50000 - 0x00007ffc0ef67000 	C:\Program Files\Android\Android Studio\jre\bin\VCRUNTIME140.dll
0x00007ffc15040000 - 0x00007ffc1506a000 	C:\WINDOWS\System32\GDI32.dll
0x00007ffbfcc30000 - 0x00007ffbfceca000 	C:\WINDOWS\WinSxS\amd64_microsoft.windows.common-controls_6595b64144ccf1df_6.0.19041.1052_none_60b8f8fd71f5e8cb\COMCTL32.dll
0x00007ffc13940000 - 0x00007ffc13a4b000 	C:\WINDOWS\System32\gdi32full.dll
0x00007ffc144d0000 - 0x00007ffc1456e000 	C:\WINDOWS\System32\msvcrt.dll
0x00007ffc13e90000 - 0x00007ffc13f2d000 	C:\WINDOWS\System32\msvcp_win.dll
0x00007ffc146c0000 - 0x00007ffc146f0000 	C:\WINDOWS\System32\IMM32.DLL
0x00007ffc0eeb0000 - 0x00007ffc0ef4d000 	C:\Program Files\Android\Android Studio\jre\bin\msvcp140.dll
0x00007ffbd7250000 - 0x00007ffbd7d0c000 	C:\Program Files\Android\Android Studio\jre\bin\server\jvm.dll
0x00007ffc150e0000 - 0x00007ffc1518c000 	C:\WINDOWS\System32\ADVAPI32.dll
0x00007ffc15880000 - 0x00007ffc1591b000 	C:\WINDOWS\System32\sechost.dll
0x00007ffc142e0000 - 0x00007ffc1440b000 	C:\WINDOWS\System32\RPCRT4.dll
0x00007ffc14270000 - 0x00007ffc14278000 	C:\WINDOWS\System32\PSAPI.DLL
0x00007ffbe3c00000 - 0x00007ffbe3c09000 	C:\WINDOWS\SYSTEM32\WSOCK32.dll
0x00007ffc14e30000 - 0x00007ffc14e9b000 	C:\WINDOWS\System32\WS2_32.dll
0x00007ffbffc50000 - 0x00007ffbffc77000 	C:\WINDOWS\SYSTEM32\WINMM.dll
0x00007ffc027f0000 - 0x00007ffc027fa000 	C:\WINDOWS\SYSTEM32\VERSION.dll
0x00007ffc12060000 - 0x00007ffc12072000 	C:\WINDOWS\SYSTEM32\kernel.appcore.dll
0x00007ffbe3be0000 - 0x00007ffbe3bf1000 	C:\Program Files\Android\Android Studio\jre\bin\verify.dll
0x00007ffc115d0000 - 0x00007ffc117b4000 	C:\WINDOWS\SYSTEM32\DBGHELP.DLL
0x00007ffc027c0000 - 0x00007ffc027ec000 	C:\WINDOWS\SYSTEM32\dbgcore.DLL
0x00007ffc13b00000 - 0x00007ffc13b83000 	C:\WINDOWS\System32\bcryptPrimitives.dll
0x00007ffbe3830000 - 0x00007ffbe3859000 	C:\Program Files\Android\Android Studio\jre\bin\java.dll
0x00007ffbe3bd0000 - 0x00007ffbe3bdb000 	C:\Program Files\Android\Android Studio\jre\bin\jimage.dll
0x00007ffbe3810000 - 0x00007ffbe3828000 	C:\Program Files\Android\Android Studio\jre\bin\zip.dll
0x00007ffc146f0000 - 0x00007ffc14e2f000 	C:\WINDOWS\System32\SHELL32.dll
0x00007ffc118c0000 - 0x00007ffc12050000 	C:\WINDOWS\SYSTEM32\windows.storage.dll
0x00007ffc15190000 - 0x00007ffc154e5000 	C:\WINDOWS\System32\combase.dll
0x00007ffc13200000 - 0x00007ffc1322c000 	C:\WINDOWS\SYSTEM32\Wldp.dll
0x00007ffc14f90000 - 0x00007ffc1503e000 	C:\WINDOWS\System32\SHCORE.dll
0x00007ffc14280000 - 0x00007ffc142d5000 	C:\WINDOWS\System32\shlwapi.dll
0x00007ffc136d0000 - 0x00007ffc136ef000 	C:\WINDOWS\SYSTEM32\profapi.dll
0x00007ffbe49b0000 - 0x00007ffbe49ca000 	C:\Program Files\Android\Android Studio\jre\bin\net.dll
0x00007ffc057d0000 - 0x00007ffc058db000 	C:\WINDOWS\SYSTEM32\WINHTTP.dll
0x00007ffc12f70000 - 0x00007ffc12fda000 	C:\WINDOWS\system32\mswsock.dll
0x00007ffbe4990000 - 0x00007ffbe49a4000 	C:\Program Files\Android\Android Studio\jre\bin\nio.dll
0x00007ffc0efd0000 - 0x00007ffc0eff7000 	C:\Users\juana\.gradle\native\fdc75f09e3144964f2cf3f50f0aa648679c211496f362492102eb8c894070792\windows-amd64\native-platform.dll
0x00007ffbfa550000 - 0x00007ffbfa6e6000 	C:\Users\juana\.gradle\native\12488b8bf47d2d4c9fbf2f6322a914ad602e24e48041cd04a747c6da556b65c4\windows-amd64\native-platform-file-events.dll
0x00007ffbe4020000 - 0x00007ffbe402a000 	C:\Program Files\Android\Android Studio\jre\bin\management.dll
0x00007ffbe4010000 - 0x00007ffbe401c000 	C:\Program Files\Android\Android Studio\jre\bin\management_ext.dll
0x00007ffc13140000 - 0x00007ffc13158000 	C:\WINDOWS\SYSTEM32\CRYPTSP.dll
0x00007ffc128a0000 - 0x00007ffc128d4000 	C:\WINDOWS\system32\rsaenh.dll
0x00007ffc13f30000 - 0x00007ffc13f57000 	C:\WINDOWS\System32\bcrypt.dll
0x00007ffc13650000 - 0x00007ffc1367e000 	C:\WINDOWS\SYSTEM32\USERENV.dll
0x00007ffc13160000 - 0x00007ffc1316c000 	C:\WINDOWS\SYSTEM32\CRYPTBASE.dll
0x00007ffc12c10000 - 0x00007ffc12c4b000 	C:\WINDOWS\SYSTEM32\IPHLPAPI.DLL
0x00007ffc14260000 - 0x00007ffc14268000 	C:\WINDOWS\System32\NSI.dll
0x00007ffc054a0000 - 0x00007ffc054b7000 	C:\WINDOWS\SYSTEM32\dhcpcsvc6.DLL
0x00007ffc05590000 - 0x00007ffc055ad000 	C:\WINDOWS\SYSTEM32\dhcpcsvc.DLL
0x00007ffc12c60000 - 0x00007ffc12d2c000 	C:\WINDOWS\SYSTEM32\DNSAPI.dll
0x00007ffc0ae70000 - 0x00007ffc0ae7b000 	C:\WINDOWS\SYSTEM32\WINNSI.DLL

dbghelp: loaded successfully - version: 4.0.5 - missing functions: none
symbol engine: initialized successfully - sym options: 0x614 - pdb path: .;C:\Program Files\Android\Android Studio\jre\bin;C:\WINDOWS\SYSTEM32;C:\WINDOWS\WinSxS\amd64_microsoft.windows.common-controls_6595b64144ccf1df_6.0.19041.1052_none_60b8f8fd71f5e8cb;C:\Program Files\Android\Android Studio\jre\bin\server;C:\Users\juana\.gradle\native\fdc75f09e3144964f2cf3f50f0aa648679c211496f362492102eb8c894070792\windows-amd64;C:\Users\juana\.gradle\native\12488b8bf47d2d4c9fbf2f6322a914ad602e24e48041cd04a747c6da556b65c4\windows-amd64

VM Arguments:
jvm_args: --add-opens=java.base/java.util=ALL-UNNAMED --add-opens=java.base/java.lang=ALL-UNNAMED --add-opens=java.base/java.lang.invoke=ALL-UNNAMED --add-opens=java.prefs/java.util.prefs=ALL-UNNAMED -Xmx2048m -Dfile.encoding=UTF-8 -Duser.country=ID -Duser.language=en -Duser.variant 
java_command: org.gradle.launcher.daemon.bootstrap.GradleDaemon 6.7.1
java_class_path (initial): C:\Users\juana\.gradle\wrapper\dists\gradle-6.7.1-bin\bwlcbys1h7rz3272sye1xwiv6\gradle-6.7.1\lib\gradle-launcher-6.7.1.jar
Launcher Type: SUN_STANDARD

[Global flags]
     intx CICompilerCount                          = 3                                         {product} {ergonomic}
     uint ConcGCThreads                            = 1                                         {product} {ergonomic}
     uint G1ConcRefinementThreads                  = 4                                         {product} {ergonomic}
   size_t G1HeapRegionSize                         = 1048576                                   {product} {ergonomic}
    uintx GCDrainStackTargetSize                   = 64                                        {product} {ergonomic}
   size_t InitialHeapSize                          = 134217728                                 {product} {ergonomic}
   size_t MarkStackSize                            = 4194304                                   {product} {ergonomic}
   size_t MaxHeapSize                              = 2147483648                                {product} {command line}
   size_t MaxNewSize                               = 1287651328                                {product} {ergonomic}
   size_t MinHeapDeltaBytes                        = 1048576                                   {product} {ergonomic}
    uintx NonNMethodCodeHeapSize                   = 5830732                                {pd product} {ergonomic}
    uintx NonProfiledCodeHeapSize                  = 122913754                              {pd product} {ergonomic}
    uintx ProfiledCodeHeapSize                     = 122913754                              {pd product} {ergonomic}
    uintx ReservedCodeCacheSize                    = 251658240                              {pd product} {ergonomic}
     bool SegmentedCodeCache                       = true                                      {product} {ergonomic}
     bool UseCompressedClassPointers               = true                                 {lp64_product} {ergonomic}
     bool UseCompressedOops                        = true                                 {lp64_product} {ergonomic}
     bool UseG1GC                                  = true                                      {product} {ergonomic}
     bool UseLargePagesIndividualAllocation        = false                                  {pd product} {ergonomic}

Logging:
Log output configuration:
 #0: stdout all=warning uptime,level,tags
 #1: stderr all=off uptime,level,tags

Environment Variables:
PATH=C:\Program Files (x86)\Razer Chroma SDK\bin;C:\Program Files\Razer Chroma SDK\bin;C:\Program Files (x86)\Razer\ChromaBroadcast\bin;C:\Program Files\Razer\ChromaBroadcast\bin;C:\WINDOWS\system32;C:\WINDOWS;C:\WINDOWS\System32\Wbem;C:\WINDOWS\System32\WindowsPowerShell\v1.0\;C:\WINDOWS\System32\OpenSSH\;C:\Program Files (x86)\NVIDIA Corporation\PhysX\Common;C:\WINDOWS\system32\config\systemprofile\AppData\Local\Microsoft\WindowsApps;C:\Program Files\NVIDIA Corporation\NVIDIA NvDLISR;C:\xampp\mysql\bin;C:\Program Files\Git\cmd;C:\composer;C:\xampp7\php;C:\Users\juana\AppData\Local\Microsoft\WindowsApps;C:\Users\juana\AppData\Local\Programs\Microsoft VS Code\bin;C:\xampp\php;C:\xampp\mysql\bin;C:\Users\juana\AppData\Local\GitHubDesktop\bin;C:\Users\juana\AppData\Roaming\Composer\vendor\bin
USERNAME=juana
OS=Windows_NT
PROCESSOR_IDENTIFIER=Intel64 Family 6 Model 78 Stepping 3, GenuineIntel



---------------  S Y S T E M  ---------------

OS: Windows 10 , 64 bit Build 19041 (10.0.19041.1023)
OS uptime: 0 days 0:19 hours

CPU:total 4 (initial active 4) (2 cores per cpu, 2 threads per core) family 6 model 78 stepping 3, cmov, cx8, fxsr, mmx, sse, sse2, sse3, ssse3, sse4.1, sse4.2, popcnt, avx, avx2, aes, clmul, erms, 3dnowpref, lzcnt, ht, tsc, tscinvbit, bmi1, bmi2, adx, fma

Memory: 4k page, system-wide physical 8088M (1505M free)
TotalPageFile size 10072M (AvailPageFile size 2627M)
current process WorkingSet (physical memory assigned to process): 489M, peak: 493M
current process commit charge ("private bytes"): 523M, peak: 527M

vm_info: OpenJDK 64-Bit Server VM (11.0.8+10-b944.6842174) for windows-amd64 JRE (11.0.8+10-b944.6842174), built on Sep 19 2020 01:11:42 by "builder" with MS VC++ 14.0 (VS2015)

END.
